{"C:\\Users\\Admin\\desktop\\myprojects\\contact-backend\\src\\index.js":{"path":"C:\\Users\\Admin\\desktop\\myprojects\\contact-backend\\src\\index.js","statementMap":{"0":{"start":{"line":3,"column":0},"end":{"line":5,"column":3}},"1":{"start":{"line":6,"column":0},"end":{"line":6,"column":28}},"2":{"start":{"line":8,"column":15},"end":{"line":8,"column":57}},"3":{"start":{"line":10,"column":18},"end":{"line":10,"column":64}},"4":{"start":{"line":12,"column":12},"end":{"line":12,"column":51}},"5":{"start":{"line":14,"column":14},"end":{"line":14,"column":55}},"6":{"start":{"line":16,"column":14},"end":{"line":16,"column":55}},"7":{"start":{"line":18,"column":22},"end":{"line":18,"column":72}},"8":{"start":{"line":20,"column":24},"end":{"line":20,"column":77}},"9":{"start":{"line":22,"column":12},"end":{"line":22,"column":54}},"10":{"start":{"line":24,"column":13},"end":{"line":24,"column":65}},"11":{"start":{"line":26,"column":39},"end":{"line":26,"column":95}},"12":{"start":{"line":28,"column":0},"end":{"line":28,"column":28}},"13":{"start":{"line":30,"column":10},"end":{"line":30,"column":36}},"14":{"start":{"line":31,"column":0},"end":{"line":31,"column":39}},"15":{"start":{"line":32,"column":0},"end":{"line":34,"column":4}},"16":{"start":{"line":35,"column":0},"end":{"line":35,"column":43}},"17":{"start":{"line":36,"column":0},"end":{"line":36,"column":33}},"18":{"start":{"line":37,"column":0},"end":{"line":37,"column":40}},"19":{"start":{"line":38,"column":0},"end":{"line":38,"column":27}},"20":{"start":{"line":39,"column":0},"end":{"line":39,"column":107}},"21":{"start":{"line":40,"column":0},"end":{"line":40,"column":27}},"22":{"start":{"line":42,"column":11},"end":{"line":42,"column":35}},"23":{"start":{"line":43,"column":13},"end":{"line":45,"column":2}},"24":{"start":{"line":44,"column":2},"end":{"line":44,"column":49}},"25":{"start":{"line":46,"column":15},"end":{"line":46,"column":21}},"26":{"start":{"line":47,"column":0},"end":{"line":47,"column":30}}},"fnMap":{"0":{"name":"_interopRequireDefault","decl":{"start":{"line":26,"column":9},"end":{"line":26,"column":31}},"loc":{"start":{"line":26,"column":37},"end":{"line":26,"column":97}},"line":26},"1":{"name":"(anonymous_1)","decl":{"start":{"line":43,"column":30},"end":{"line":43,"column":31}},"loc":{"start":{"line":43,"column":42},"end":{"line":45,"column":1}},"line":43}},"branchMap":{"0":{"loc":{"start":{"line":26,"column":46},"end":{"line":26,"column":94}},"type":"cond-expr","locations":[{"start":{"line":26,"column":70},"end":{"line":26,"column":73}},{"start":{"line":26,"column":76},"end":{"line":26,"column":94}}],"line":26},"1":{"loc":{"start":{"line":26,"column":46},"end":{"line":26,"column":67}},"type":"binary-expr","locations":[{"start":{"line":26,"column":46},"end":{"line":26,"column":49}},{"start":{"line":26,"column":53},"end":{"line":26,"column":67}}],"line":26},"2":{"loc":{"start":{"line":42,"column":11},"end":{"line":42,"column":35}},"type":"binary-expr","locations":[{"start":{"line":42,"column":11},"end":{"line":42,"column":27}},{"start":{"line":42,"column":31},"end":{"line":42,"column":35}}],"line":42}},"s":{"0":1,"1":1,"2":1,"3":1,"4":1,"5":1,"6":1,"7":1,"8":1,"9":1,"10":1,"11":9,"12":1,"13":1,"14":1,"15":1,"16":1,"17":1,"18":1,"19":1,"20":1,"21":1,"22":1,"23":1,"24":1,"25":1,"26":1},"f":{"0":9,"1":1},"b":{"0":[2,7],"1":[9,9],"2":[1,1]},"inputSourceMap":{"version":3,"sources":["index.js"],"names":["dotenv","config","app","use","bodyParser","json","urlencoded","extended","routes","swaggerUi","serve","setup","swaggerDocs","port","process","env","PORT","server","listen","console","log"],"mappings":";;;;;;;AAAA;;AACA;;AACA;;AACA;;AACA;;AACA;;AACA;;AACA;;AACA;;;;AACAA,mBAAOC,MAAP;;AACA,IAAMC,GAAG,GAAG,0BAAZ;AACAA,GAAG,CAACC,GAAJ,CAAQC,uBAAWC,IAAX,EAAR;AACAH,GAAG,CAACC,GAAJ,CAAQC,uBAAWE,UAAX,CAAsB;AAAEC,EAAAA,QAAQ,EAAE;AAAZ,CAAtB,CAAR;AACAL,GAAG,CAACC,GAAJ,CAAQ,iCAAR;AACAD,GAAG,CAACC,GAAJ,CAAQ,uBAAR;AACAD,GAAG,CAACC,GAAJ,CAAQ,wBAAO,KAAP,CAAR;AACAD,GAAG,CAACC,GAAJ,CAAQK,iBAAR;AAEAN,GAAG,CAACC,GAAJ,CAAQ,OAAR,EAAiBM,6BAAUC,KAA3B,EAAkCD,6BAAUE,KAAV,CAAgBC,gBAAhB,CAAlC;AACAV,GAAG,CAACC,GAAJ,CAAQK,iBAAR,E,CAEA;;AACA,IAAMK,IAAI,GAAGC,OAAO,CAACC,GAAR,CAAYC,IAAZ,IAAoB,IAAjC;AACA,IAAMC,MAAM,GAAGf,GAAG,CAACgB,MAAJ,CAAWL,IAAX,EAAiB,YAAM;AAClCM,EAAAA,OAAO,CAACC,GAAR,6BAAiCP,IAAjC;AACD,CAFY,CAAf;eAGiBI,M","sourceRoot":"C:\\Users\\Admin\\desktop\\myprojects\\contact-backend\\src\\","sourcesContent":["import express from 'express';\r\nimport bodyParser from 'body-parser';\r\nimport cors from \"cors\"\r\nimport dotenv from \"dotenv\"\r\nimport morgan from \"morgan\"\r\nimport methodoverride from \"method-override\";\r\nimport swaggerUi from \"swagger-ui-express\";\r\nimport swaggerDocs from \"../docs\"\r\nimport routes from \"./routes/index.js\";\r\ndotenv.config();\r\nconst app = express();\r\napp.use(bodyParser.json());\r\napp.use(bodyParser.urlencoded({ extended: false }));\r\napp.use(methodoverride());\r\napp.use(cors());\r\napp.use(morgan(\"dev\"));\r\napp.use(routes);\r\n\r\napp.use(\"/docs\", swaggerUi.serve, swaggerUi.setup(swaggerDocs));\r\napp.use(routes);\r\n\r\n// finally, let's start our server...\r\nconst port = process.env.PORT || 7000;\r\nconst server = app.listen(port, () => {\r\n    console.log(`Listening on port ${port}`);\r\n  });\r\n  export default server;"]},"_coverageSchema":"1a1c01bbd47fc00a2c39e90264f33305004495a9","hash":"56f66aab2dec443d188b02042bbfcce0fdcaa332","contentHash":"c449bd6d935305b29a17f0606aca60e5e18673e924b6952a039d07575c733155"},"C:\\Users\\Admin\\desktop\\myprojects\\contact-backend\\docs\\index.js":{"path":"C:\\Users\\Admin\\desktop\\myprojects\\contact-backend\\docs\\index.js","statementMap":{"0":{"start":{"line":3,"column":0},"end":{"line":5,"column":3}},"1":{"start":{"line":6,"column":0},"end":{"line":6,"column":28}},"2":{"start":{"line":8,"column":20},"end":{"line":8,"column":68}},"3":{"start":{"line":10,"column":39},"end":{"line":10,"column":95}},"4":{"start":{"line":12,"column":21},"end":{"line":22,"column":1}},"5":{"start":{"line":23,"column":18},"end":{"line":23,"column":63}},"6":{"start":{"line":24,"column":15},"end":{"line":24,"column":26}},"7":{"start":{"line":25,"column":0},"end":{"line":25,"column":30}}},"fnMap":{"0":{"name":"_interopRequireDefault","decl":{"start":{"line":10,"column":9},"end":{"line":10,"column":31}},"loc":{"start":{"line":10,"column":37},"end":{"line":10,"column":97}},"line":10}},"branchMap":{"0":{"loc":{"start":{"line":10,"column":46},"end":{"line":10,"column":94}},"type":"cond-expr","locations":[{"start":{"line":10,"column":70},"end":{"line":10,"column":73}},{"start":{"line":10,"column":76},"end":{"line":10,"column":94}}],"line":10},"1":{"loc":{"start":{"line":10,"column":46},"end":{"line":10,"column":67}},"type":"binary-expr","locations":[{"start":{"line":10,"column":46},"end":{"line":10,"column":49}},{"start":{"line":10,"column":53},"end":{"line":10,"column":67}}],"line":10}},"s":{"0":1,"1":1,"2":1,"3":1,"4":1,"5":1,"6":1,"7":1},"f":{"0":1},"b":{"0":[0,1],"1":[1,1]},"inputSourceMap":{"version":3,"sources":["index.js"],"names":["swaggerOptions","swaggerDefinition","info","title","version","description","servers","apis","swaggerDocs"],"mappings":";;;;;;;AAAA;;;;AAEA,IAAMA,cAAc,GAAG;AACrBC,EAAAA,iBAAiB,EAAE;AACjBC,IAAAA,IAAI,EAAE;AACJC,MAAAA,KAAK,EAAE,QADH;AAEJC,MAAAA,OAAO,EAAE,OAFL;AAGJC,MAAAA,WAAW,EAAE,gCAHT;AAIJC,MAAAA,OAAO,EAAE,CAAC,oBAAD;AAJL;AADW,GADE;AASrBC,EAAAA,IAAI,EAAE,CAAC,WAAD,EAAa,uBAAb,EAAqC,kBAArC,EAAwD,mBAAxD,EAA4E,wBAA5E;AATe,CAAvB;AAYA,IAAMC,WAAW,GAAG,8BAAaR,cAAb,CAApB;eAEeQ,W","sourceRoot":"C:\\Users\\Admin\\desktop\\myprojects\\contact-backend\\docs\\","sourcesContent":["import swaggerJSDoc from 'swagger-jsdoc';\r\n\r\nconst swaggerOptions = {\r\n  swaggerDefinition: {\r\n    info: {\r\n      title: 'Fimboo',\r\n      version: '1.0.0',\r\n      description: 'Welcome to Contact Adress book',\r\n      servers: ['https://localhost:'],\r\n    },\r\n  },\r\n  apis: ['docs/*.js','docs/controllers/*.js','docs/models/*.js','docs/models/*.yml','docs/controllers/*.yml'],\r\n};\r\n\r\nconst swaggerDocs = swaggerJSDoc(swaggerOptions);\r\n\r\nexport default swaggerDocs;"]},"_coverageSchema":"1a1c01bbd47fc00a2c39e90264f33305004495a9","hash":"df96f72232a12e239d6401aa13a1426b103830cf","contentHash":"2fdd62691f04b7809a8d37432e9bc67058c6f250fdc55ddc45978b9eef2d56af"},"C:\\Users\\Admin\\desktop\\myprojects\\contact-backend\\src\\routes\\index.js":{"path":"C:\\Users\\Admin\\desktop\\myprojects\\contact-backend\\src\\routes\\index.js","statementMap":{"0":{"start":{"line":3,"column":0},"end":{"line":5,"column":3}},"1":{"start":{"line":6,"column":0},"end":{"line":6,"column":28}},"2":{"start":{"line":8,"column":15},"end":{"line":8,"column":57}},"3":{"start":{"line":10,"column":14},"end":{"line":10,"column":55}},"4":{"start":{"line":12,"column":11},"end":{"line":12,"column":51}},"5":{"start":{"line":14,"column":39},"end":{"line":14,"column":95}},"6":{"start":{"line":16,"column":0},"end":{"line":16,"column":28}},"7":{"start":{"line":18,"column":13},"end":{"line":18,"column":41}},"8":{"start":{"line":20,"column":17},"end":{"line":20,"column":40}},"9":{"start":{"line":21,"column":14},"end":{"line":21,"column":40}},"10":{"start":{"line":22,"column":0},"end":{"line":26,"column":3}},"11":{"start":{"line":23,"column":2},"end":{"line":25,"column":5}},"12":{"start":{"line":27,"column":0},"end":{"line":27,"column":37}},"13":{"start":{"line":28,"column":15},"end":{"line":28,"column":21}},"14":{"start":{"line":29,"column":0},"end":{"line":29,"column":30}}},"fnMap":{"0":{"name":"_interopRequireDefault","decl":{"start":{"line":14,"column":9},"end":{"line":14,"column":31}},"loc":{"start":{"line":14,"column":37},"end":{"line":14,"column":97}},"line":14},"1":{"name":"(anonymous_1)","decl":{"start":{"line":22,"column":19},"end":{"line":22,"column":20}},"loc":{"start":{"line":22,"column":39},"end":{"line":26,"column":1}},"line":22}},"branchMap":{"0":{"loc":{"start":{"line":14,"column":46},"end":{"line":14,"column":94}},"type":"cond-expr","locations":[{"start":{"line":14,"column":70},"end":{"line":14,"column":73}},{"start":{"line":14,"column":76},"end":{"line":14,"column":94}}],"line":14},"1":{"loc":{"start":{"line":14,"column":46},"end":{"line":14,"column":67}},"type":"binary-expr","locations":[{"start":{"line":14,"column":46},"end":{"line":14,"column":49}},{"start":{"line":14,"column":53},"end":{"line":14,"column":67}}],"line":14}},"s":{"0":1,"1":1,"2":1,"3":1,"4":1,"5":3,"6":1,"7":1,"8":1,"9":1,"10":1,"11":1,"12":1,"13":1,"14":1},"f":{"0":3,"1":1},"b":{"0":[1,2],"1":[3,3]},"inputSourceMap":{"version":3,"sources":["index.js"],"names":["dotenv","config","router","express","Router","apiVersion","process","env","API_VERSION","baseUrl","get","req","res","status","json","message","use","api"],"mappings":";;;;;;;AAAA;;AACA;;AACA;;;;AAEAA,mBAAOC,MAAP;;AACA,IAAMC,MAAM,GAAGC,oBAAQC,MAAR,EAAf;;AACA,IAAMC,UAAU,GAAGC,OAAO,CAACC,GAAR,CAAYC,WAA/B;AACA,IAAMC,OAAO,kBAAWJ,UAAX,CAAb;AAEAH,MAAM,CAACQ,GAAP,CAAW,MAAX,EAAmB,UAACC,GAAD,EAAMC,GAAN,EAAc;AAC/BA,EAAAA,GAAG,CAACC,MAAJ,CAAW,GAAX,EAAgBC,IAAhB,CAAqB;AAAEC,IAAAA,OAAO,EAAE;AAAX,GAArB;AACD,CAFD;AAIAb,MAAM,CAACc,GAAP,CAAWP,OAAX,EAAoBQ,eAApB;eAGef,M","sourceRoot":"C:\\Users\\Admin\\desktop\\myprojects\\contact-backend\\src\\routes\\","sourcesContent":["import express from \"express\"\r\nimport dotenv from \"dotenv\"\r\nimport api from \"./api\"\r\n\r\ndotenv.config()\r\nconst router = express.Router();\r\nconst apiVersion = process.env.API_VERSION;\r\nconst baseUrl = `/api/${apiVersion}`;\r\n\r\nrouter.get(\"/api\", (req, res) => {\r\n  res.status(200).json({ message: \"Well Connected api\" });\r\n});\r\n\r\nrouter.use(baseUrl, api);\r\n\r\n\r\nexport default router;\r\n"]},"_coverageSchema":"1a1c01bbd47fc00a2c39e90264f33305004495a9","hash":"38ae0aa784330a1b39efc8c396d31e0404c9284b","contentHash":"47534f6ca1fd62b6a559cc716d524841a5a118f20794c8cb499209b30ef8e73f"},"C:\\Users\\Admin\\desktop\\myprojects\\contact-backend\\src\\routes\\api\\index.js":{"path":"C:\\Users\\Admin\\desktop\\myprojects\\contact-backend\\src\\routes\\api\\index.js","statementMap":{"0":{"start":{"line":3,"column":0},"end":{"line":5,"column":3}},"1":{"start":{"line":6,"column":0},"end":{"line":6,"column":28}},"2":{"start":{"line":8,"column":15},"end":{"line":8,"column":57}},"3":{"start":{"line":10,"column":12},"end":{"line":10,"column":53}},"4":{"start":{"line":12,"column":15},"end":{"line":12,"column":59}},"5":{"start":{"line":14,"column":39},"end":{"line":14,"column":95}},"6":{"start":{"line":16,"column":13},"end":{"line":16,"column":41}},"7":{"start":{"line":18,"column":0},"end":{"line":18,"column":38}},"8":{"start":{"line":19,"column":0},"end":{"line":19,"column":44}},"9":{"start":{"line":20,"column":15},"end":{"line":20,"column":21}},"10":{"start":{"line":21,"column":0},"end":{"line":21,"column":30}}},"fnMap":{"0":{"name":"_interopRequireDefault","decl":{"start":{"line":14,"column":9},"end":{"line":14,"column":31}},"loc":{"start":{"line":14,"column":37},"end":{"line":14,"column":97}},"line":14}},"branchMap":{"0":{"loc":{"start":{"line":14,"column":46},"end":{"line":14,"column":94}},"type":"cond-expr","locations":[{"start":{"line":14,"column":70},"end":{"line":14,"column":73}},{"start":{"line":14,"column":76},"end":{"line":14,"column":94}}],"line":14},"1":{"loc":{"start":{"line":14,"column":46},"end":{"line":14,"column":67}},"type":"binary-expr","locations":[{"start":{"line":14,"column":46},"end":{"line":14,"column":49}},{"start":{"line":14,"column":53},"end":{"line":14,"column":67}}],"line":14}},"s":{"0":1,"1":1,"2":1,"3":1,"4":1,"5":3,"6":1,"7":1,"8":1,"9":1,"10":1},"f":{"0":3},"b":{"0":[2,1],"1":[3,3]},"inputSourceMap":{"version":3,"sources":["index.js"],"names":["router","express","Router","use","User","Contact"],"mappings":";;;;;;;AAAA;;AACA;;AACA;;;;AAEA,IAAMA,MAAM,GAAGC,oBAAQC,MAAR,EAAf;;AAEAF,MAAM,CAACG,GAAP,CAAW,OAAX,EAAoBC,gBAApB;AACAJ,MAAM,CAACG,GAAP,CAAW,UAAX,EAAuBE,mBAAvB;eAEeL,M","sourceRoot":"C:\\Users\\Admin\\desktop\\myprojects\\contact-backend\\src\\routes\\api\\","sourcesContent":["import express from \"express\";\r\nimport User from \"./user\";\r\nimport Contact from \"./contact\"\r\n\r\nconst router = express.Router();\r\n\r\nrouter.use(\"/user\", User);\r\nrouter.use(\"/contact\", Contact);\r\n\r\nexport default router;"]},"_coverageSchema":"1a1c01bbd47fc00a2c39e90264f33305004495a9","hash":"6a3fb226e7e24128b9d29e722f23791a784e4230","contentHash":"c3e212d06ee35af52793ef9384fea5be3ea9bec01648e2e50784e5623830ce93"},"C:\\Users\\Admin\\desktop\\myprojects\\contact-backend\\src\\routes\\api\\user.js":{"path":"C:\\Users\\Admin\\desktop\\myprojects\\contact-backend\\src\\routes\\api\\user.js","statementMap":{"0":{"start":{"line":3,"column":0},"end":{"line":5,"column":3}},"1":{"start":{"line":6,"column":0},"end":{"line":6,"column":28}},"2":{"start":{"line":8,"column":15},"end":{"line":8,"column":57}},"3":{"start":{"line":10,"column":22},"end":{"line":10,"column":89}},"4":{"start":{"line":12,"column":39},"end":{"line":12,"column":95}},"5":{"start":{"line":14,"column":13},"end":{"line":14,"column":41}},"6":{"start":{"line":16,"column":0},"end":{"line":16,"column":59}},"7":{"start":{"line":17,"column":0},"end":{"line":17,"column":66}},"8":{"start":{"line":18,"column":15},"end":{"line":18,"column":21}},"9":{"start":{"line":19,"column":0},"end":{"line":19,"column":30}}},"fnMap":{"0":{"name":"_interopRequireDefault","decl":{"start":{"line":12,"column":9},"end":{"line":12,"column":31}},"loc":{"start":{"line":12,"column":37},"end":{"line":12,"column":97}},"line":12}},"branchMap":{"0":{"loc":{"start":{"line":12,"column":46},"end":{"line":12,"column":94}},"type":"cond-expr","locations":[{"start":{"line":12,"column":70},"end":{"line":12,"column":73}},{"start":{"line":12,"column":76},"end":{"line":12,"column":94}}],"line":12},"1":{"loc":{"start":{"line":12,"column":46},"end":{"line":12,"column":67}},"type":"binary-expr","locations":[{"start":{"line":12,"column":46},"end":{"line":12,"column":49}},{"start":{"line":12,"column":53},"end":{"line":12,"column":67}}],"line":12}},"s":{"0":1,"1":1,"2":1,"3":1,"4":2,"5":1,"6":1,"7":1,"8":1,"9":1},"f":{"0":2},"b":{"0":[1,1],"1":[2,2]},"inputSourceMap":{"version":3,"sources":["user.js"],"names":["router","express","Router","get","UserController","ListUsers","UserByEmail"],"mappings":";;;;;;;AAAA;;AACA;;;;AACA,IAAMA,MAAM,GAAGC,oBAAQC,MAAR,EAAf;;AACAF,MAAM,CAACG,GAAP,CAAW,QAAX,EAAoBC,2BAAeC,SAAnC;AACAL,MAAM,CAACG,GAAP,CAAW,aAAX,EAAyBC,2BAAeE,WAAxC;eAGeN,M","sourceRoot":"C:\\Users\\Admin\\desktop\\myprojects\\contact-backend\\src\\routes\\api\\","sourcesContent":["import express from \"express\"\r\nimport UserController from \"../../controllers/UserController\"\r\nconst router = express.Router()\r\nrouter.get(\"/lists\",UserController.ListUsers)\r\nrouter.get(\"/particular\",UserController.UserByEmail)\r\n\r\n\r\nexport default router"]},"_coverageSchema":"1a1c01bbd47fc00a2c39e90264f33305004495a9","hash":"46147a5d8eeefa6abad9da31730f450dd41f058c","contentHash":"762dc2a18a9dba7ac973cf15b708d50d14e2fb8cb36a91b83d176f8853588118"},"C:\\Users\\Admin\\desktop\\myprojects\\contact-backend\\src\\controllers\\UserController.js":{"path":"C:\\Users\\Admin\\desktop\\myprojects\\contact-backend\\src\\controllers\\UserController.js","statementMap":{"0":{"start":{"line":3,"column":0},"end":{"line":5,"column":3}},"1":{"start":{"line":6,"column":0},"end":{"line":6,"column":28}},"2":{"start":{"line":8,"column":77},"end":{"line":8,"column":175}},"3":{"start":{"line":8,"column":94},"end":{"line":8,"column":107}},"4":{"start":{"line":8,"column":121},"end":{"line":8,"column":131}},"5":{"start":{"line":8,"column":151},"end":{"line":8,"column":165}},"6":{"start":{"line":8,"column":166},"end":{"line":8,"column":173}},"7":{"start":{"line":8,"column":176},"end":{"line":8,"column":263}},"8":{"start":{"line":8,"column":193},"end":{"line":8,"column":208}},"9":{"start":{"line":8,"column":218},"end":{"line":8,"column":261}},"10":{"start":{"line":10,"column":33},"end":{"line":10,"column":387}},"11":{"start":{"line":10,"column":65},"end":{"line":10,"column":69}},"12":{"start":{"line":10,"column":78},"end":{"line":10,"column":87}},"13":{"start":{"line":10,"column":89},"end":{"line":10,"column":384}},"14":{"start":{"line":10,"column":147},"end":{"line":10,"column":167}},"15":{"start":{"line":10,"column":193},"end":{"line":10,"column":264}},"16":{"start":{"line":10,"column":290},"end":{"line":10,"column":360}},"17":{"start":{"line":10,"column":363},"end":{"line":10,"column":380}},"18":{"start":{"line":12,"column":50},"end":{"line":12,"column":151}},"19":{"start":{"line":12,"column":92},"end":{"line":12,"column":149}},"20":{"start":{"line":14,"column":44},"end":{"line":14,"column":315}},"21":{"start":{"line":14,"column":57},"end":{"line":14,"column":58}},"22":{"start":{"line":14,"column":102},"end":{"line":14,"column":110}},"23":{"start":{"line":14,"column":112},"end":{"line":14,"column":167}},"24":{"start":{"line":14,"column":168},"end":{"line":14,"column":199}},"25":{"start":{"line":14,"column":200},"end":{"line":14,"column":254}},"26":{"start":{"line":14,"column":227},"end":{"line":14,"column":254}},"27":{"start":{"line":14,"column":255},"end":{"line":14,"column":313}},"28":{"start":{"line":16,"column":62},"end":{"line":16,"column":131}},"29":{"start":{"line":16,"column":78},"end":{"line":16,"column":131}},"30":{"start":{"line":16,"column":132},"end":{"line":16,"column":193}},"31":{"start":{"line":16,"column":149},"end":{"line":16,"column":193}},"32":{"start":{"line":16,"column":194},"end":{"line":16,"column":213}},"33":{"start":{"line":18,"column":34},"end":{"line":94,"column":3}},"34":{"start":{"line":20,"column":4},"end":{"line":20,"column":42}},"35":{"start":{"line":23,"column":2},"end":{"line":91,"column":6}},"36":{"start":{"line":26,"column":23},"end":{"line":49,"column":9}},"37":{"start":{"line":27,"column":8},"end":{"line":48,"column":36}},"38":{"start":{"line":28,"column":10},"end":{"line":47,"column":11}},"39":{"start":{"line":29,"column":12},"end":{"line":46,"column":13}},"40":{"start":{"line":31,"column":16},"end":{"line":31,"column":34}},"41":{"start":{"line":32,"column":16},"end":{"line":34,"column":19}},"42":{"start":{"line":35,"column":16},"end":{"line":35,"column":34}},"43":{"start":{"line":36,"column":16},"end":{"line":36,"column":22}},"44":{"start":{"line":39,"column":16},"end":{"line":39,"column":34}},"45":{"start":{"line":40,"column":16},"end":{"line":40,"column":51}},"46":{"start":{"line":41,"column":16},"end":{"line":41,"column":83}},"47":{"start":{"line":45,"column":16},"end":{"line":45,"column":39}},"48":{"start":{"line":52,"column":8},"end":{"line":52,"column":49}},"49":{"start":{"line":55,"column":6},"end":{"line":55,"column":23}},"50":{"start":{"line":60,"column":25},"end":{"line":83,"column":9}},"51":{"start":{"line":61,"column":8},"end":{"line":82,"column":37}},"52":{"start":{"line":62,"column":10},"end":{"line":81,"column":11}},"53":{"start":{"line":63,"column":12},"end":{"line":80,"column":13}},"54":{"start":{"line":65,"column":16},"end":{"line":65,"column":35}},"55":{"start":{"line":66,"column":16},"end":{"line":68,"column":19}},"56":{"start":{"line":69,"column":16},"end":{"line":69,"column":35}},"57":{"start":{"line":70,"column":16},"end":{"line":70,"column":22}},"58":{"start":{"line":73,"column":16},"end":{"line":73,"column":35}},"59":{"start":{"line":74,"column":16},"end":{"line":74,"column":53}},"60":{"start":{"line":75,"column":16},"end":{"line":75,"column":85}},"61":{"start":{"line":79,"column":16},"end":{"line":79,"column":40}},"62":{"start":{"line":86,"column":8},"end":{"line":86,"column":51}},"63":{"start":{"line":89,"column":6},"end":{"line":89,"column":25}},"64":{"start":{"line":93,"column":2},"end":{"line":93,"column":24}},"65":{"start":{"line":96,"column":0},"end":{"line":96,"column":36}}},"fnMap":{"0":{"name":"asyncGeneratorStep","decl":{"start":{"line":8,"column":9},"end":{"line":8,"column":27}},"loc":{"start":{"line":8,"column":75},"end":{"line":8,"column":265}},"line":8},"1":{"name":"_asyncToGenerator","decl":{"start":{"line":10,"column":9},"end":{"line":10,"column":26}},"loc":{"start":{"line":10,"column":31},"end":{"line":10,"column":389}},"line":10},"2":{"name":"(anonymous_2)","decl":{"start":{"line":10,"column":40},"end":{"line":10,"column":41}},"loc":{"start":{"line":10,"column":52},"end":{"line":10,"column":386}},"line":10},"3":{"name":"(anonymous_3)","decl":{"start":{"line":10,"column":108},"end":{"line":10,"column":109}},"loc":{"start":{"line":10,"column":135},"end":{"line":10,"column":382}},"line":10},"4":{"name":"_next","decl":{"start":{"line":10,"column":178},"end":{"line":10,"column":183}},"loc":{"start":{"line":10,"column":191},"end":{"line":10,"column":266}},"line":10},"5":{"name":"_throw","decl":{"start":{"line":10,"column":276},"end":{"line":10,"column":282}},"loc":{"start":{"line":10,"column":288},"end":{"line":10,"column":362}},"line":10},"6":{"name":"_classCallCheck","decl":{"start":{"line":12,"column":9},"end":{"line":12,"column":24}},"loc":{"start":{"line":12,"column":48},"end":{"line":12,"column":153}},"line":12},"7":{"name":"_defineProperties","decl":{"start":{"line":14,"column":9},"end":{"line":14,"column":26}},"loc":{"start":{"line":14,"column":42},"end":{"line":14,"column":317}},"line":14},"8":{"name":"_createClass","decl":{"start":{"line":16,"column":9},"end":{"line":16,"column":21}},"loc":{"start":{"line":16,"column":60},"end":{"line":16,"column":215}},"line":16},"9":{"name":"(anonymous_9)","decl":{"start":{"line":18,"column":34},"end":{"line":18,"column":35}},"loc":{"start":{"line":18,"column":46},"end":{"line":94,"column":1}},"line":18},"10":{"name":"UserController","decl":{"start":{"line":19,"column":11},"end":{"line":19,"column":25}},"loc":{"start":{"line":19,"column":28},"end":{"line":21,"column":3}},"line":19},"11":{"name":"(anonymous_11)","decl":{"start":{"line":25,"column":11},"end":{"line":25,"column":12}},"loc":{"start":{"line":25,"column":23},"end":{"line":56,"column":5}},"line":25},"12":{"name":"_callee","decl":{"start":{"line":26,"column":88},"end":{"line":26,"column":95}},"loc":{"start":{"line":26,"column":112},"end":{"line":49,"column":7}},"line":26},"13":{"name":"_callee$","decl":{"start":{"line":27,"column":48},"end":{"line":27,"column":56}},"loc":{"start":{"line":27,"column":67},"end":{"line":48,"column":9}},"line":27},"14":{"name":"ListUsers","decl":{"start":{"line":51,"column":15},"end":{"line":51,"column":24}},"loc":{"start":{"line":51,"column":39},"end":{"line":53,"column":7}},"line":51},"15":{"name":"(anonymous_15)","decl":{"start":{"line":59,"column":11},"end":{"line":59,"column":12}},"loc":{"start":{"line":59,"column":23},"end":{"line":90,"column":5}},"line":59},"16":{"name":"_callee2","decl":{"start":{"line":60,"column":90},"end":{"line":60,"column":98}},"loc":{"start":{"line":60,"column":115},"end":{"line":83,"column":7}},"line":60},"17":{"name":"_callee2$","decl":{"start":{"line":61,"column":48},"end":{"line":61,"column":57}},"loc":{"start":{"line":61,"column":69},"end":{"line":82,"column":9}},"line":61},"18":{"name":"UserByEmail","decl":{"start":{"line":85,"column":15},"end":{"line":85,"column":26}},"loc":{"start":{"line":85,"column":42},"end":{"line":87,"column":7}},"line":85}},"branchMap":{"0":{"loc":{"start":{"line":8,"column":176},"end":{"line":8,"column":263}},"type":"if","locations":[{"start":{"line":8,"column":176},"end":{"line":8,"column":263}},{"start":{"line":8,"column":176},"end":{"line":8,"column":263}}],"line":8},"1":{"loc":{"start":{"line":12,"column":50},"end":{"line":12,"column":151}},"type":"if","locations":[{"start":{"line":12,"column":50},"end":{"line":12,"column":151}},{"start":{"line":12,"column":50},"end":{"line":12,"column":151}}],"line":12},"2":{"loc":{"start":{"line":14,"column":136},"end":{"line":14,"column":166}},"type":"binary-expr","locations":[{"start":{"line":14,"column":136},"end":{"line":14,"column":157}},{"start":{"line":14,"column":161},"end":{"line":14,"column":166}}],"line":14},"3":{"loc":{"start":{"line":14,"column":200},"end":{"line":14,"column":254}},"type":"if","locations":[{"start":{"line":14,"column":200},"end":{"line":14,"column":254}},{"start":{"line":14,"column":200},"end":{"line":14,"column":254}}],"line":14},"4":{"loc":{"start":{"line":16,"column":62},"end":{"line":16,"column":131}},"type":"if","locations":[{"start":{"line":16,"column":62},"end":{"line":16,"column":131}},{"start":{"line":16,"column":62},"end":{"line":16,"column":131}}],"line":16},"5":{"loc":{"start":{"line":16,"column":132},"end":{"line":16,"column":193}},"type":"if","locations":[{"start":{"line":16,"column":132},"end":{"line":16,"column":193}},{"start":{"line":16,"column":132},"end":{"line":16,"column":193}}],"line":16},"6":{"loc":{"start":{"line":29,"column":12},"end":{"line":46,"column":13}},"type":"switch","locations":[{"start":{"line":30,"column":14},"end":{"line":36,"column":22}},{"start":{"line":38,"column":14},"end":{"line":41,"column":83}},{"start":{"line":43,"column":14},"end":{"line":43,"column":21}},{"start":{"line":44,"column":14},"end":{"line":45,"column":39}}],"line":29},"7":{"loc":{"start":{"line":63,"column":12},"end":{"line":80,"column":13}},"type":"switch","locations":[{"start":{"line":64,"column":14},"end":{"line":70,"column":22}},{"start":{"line":72,"column":14},"end":{"line":75,"column":85}},{"start":{"line":77,"column":14},"end":{"line":77,"column":21}},{"start":{"line":78,"column":14},"end":{"line":79,"column":40}}],"line":63}},"s":{"0":1,"1":1,"2":0,"3":0,"4":0,"5":0,"6":0,"7":0,"8":0,"9":0,"10":2,"11":0,"12":0,"13":0,"14":0,"15":0,"16":0,"17":0,"18":0,"19":0,"20":1,"21":1,"22":2,"23":2,"24":2,"25":2,"26":2,"27":2,"28":1,"29":0,"30":1,"31":1,"32":1,"33":1,"34":0,"35":1,"36":1,"37":0,"38":0,"39":0,"40":0,"41":0,"42":0,"43":0,"44":0,"45":0,"46":0,"47":0,"48":0,"49":1,"50":1,"51":0,"52":0,"53":0,"54":0,"55":0,"56":0,"57":0,"58":0,"59":0,"60":0,"61":0,"62":0,"63":1,"64":1,"65":1},"f":{"0":0,"1":2,"2":0,"3":0,"4":0,"5":0,"6":0,"7":1,"8":1,"9":1,"10":0,"11":1,"12":0,"13":0,"14":0,"15":1,"16":0,"17":0,"18":0},"b":{"0":[0,0],"1":[0,0],"2":[2,2],"3":[2,0],"4":[0,1],"5":[1,0],"6":[0,0,0,0],"7":[0,0,0,0]},"inputSourceMap":{"version":3,"sources":["UserController.js"],"names":["UserController","req","res","next","status","json","message","Error"],"mappings":";;;;;;;;;;;;;;;;;IAEqBA,c;;;;;;;;+EAGjB,iBAAuBC,GAAvB,EAA2BC,GAA3B,EAA+BC,IAA/B;AAAA;AAAA;AAAA;AAAA;AAAA;AAEQD,gBAAAA,GAAG,CAACE,MAAJ,CAAW,GAAX,EAAgBC,IAAhB,CAAqB;AAACC,kBAAAA,OAAO,EAAC;AAAT,iBAArB;AAFR;AAAA;;AAAA;AAAA;AAAA;AAAA,iDAKeH,IAAI,CAAC,KAAII,KAAK,aAAT,GAAD,CALnB;;AAAA;AAAA;AAAA;AAAA;AAAA;AAAA;AAAA,O;;;;;;;;;;;iFAQA,kBAAyBN,GAAzB,EAA6BC,GAA7B,EAAiCC,IAAjC;AAAA;AAAA;AAAA;AAAA;AAAA;AAEQD,gBAAAA,GAAG,CAACE,MAAJ,CAAW,GAAX,EAAgBC,IAAhB,CAAqB;AAACC,kBAAAA,OAAO,EAAC;AAAT,iBAArB;AAFR;AAAA;;AAAA;AAAA;AAAA;AAAA,kDAKeH,IAAI,CAAC,KAAII,KAAK,cAAT,GAAD,CALnB;;AAAA;AAAA;AAAA;AAAA;AAAA;AAAA;AAAA,O","sourceRoot":"C:\\Users\\Admin\\desktop\\myprojects\\contact-backend\\src\\controllers\\","sourcesContent":["\r\n\r\nexport default class UserController{\r\n\r\n   \r\n    static async ListUsers(req,res,next){\r\n        try{\r\n            res.status(200).json({message:\"list all users\"})\r\n        }\r\n        catch(e){\r\n            return next(new(Error(e)))\r\n        }\r\n    }\r\n    static async UserByEmail(req,res,next){\r\n        try{\r\n            res.status(200).json({message:\"list a user by email!!\"})\r\n        }\r\n        catch(e){\r\n            return next(new(Error(e)))\r\n        }\r\n    }\r\n    \r\n\r\n}"]},"_coverageSchema":"1a1c01bbd47fc00a2c39e90264f33305004495a9","hash":"328ae74c989ecfd8520230ce9e70fa28b4e59377","contentHash":"f643616be6e7898c78635d28b2b232c4aaf70187a298376b321fb6fa58f48bab"},"C:\\Users\\Admin\\desktop\\myprojects\\contact-backend\\src\\routes\\api\\contact.js":{"path":"C:\\Users\\Admin\\desktop\\myprojects\\contact-backend\\src\\routes\\api\\contact.js","statementMap":{"0":{"start":{"line":3,"column":0},"end":{"line":5,"column":3}},"1":{"start":{"line":6,"column":0},"end":{"line":6,"column":28}},"2":{"start":{"line":8,"column":15},"end":{"line":8,"column":57}},"3":{"start":{"line":10,"column":25},"end":{"line":10,"column":95}},"4":{"start":{"line":12,"column":39},"end":{"line":12,"column":95}},"5":{"start":{"line":14,"column":13},"end":{"line":14,"column":41}},"6":{"start":{"line":16,"column":0},"end":{"line":16,"column":65}},"7":{"start":{"line":17,"column":0},"end":{"line":17,"column":64}},"8":{"start":{"line":18,"column":15},"end":{"line":18,"column":21}},"9":{"start":{"line":19,"column":0},"end":{"line":19,"column":30}}},"fnMap":{"0":{"name":"_interopRequireDefault","decl":{"start":{"line":12,"column":9},"end":{"line":12,"column":31}},"loc":{"start":{"line":12,"column":37},"end":{"line":12,"column":97}},"line":12}},"branchMap":{"0":{"loc":{"start":{"line":12,"column":46},"end":{"line":12,"column":94}},"type":"cond-expr","locations":[{"start":{"line":12,"column":70},"end":{"line":12,"column":73}},{"start":{"line":12,"column":76},"end":{"line":12,"column":94}}],"line":12},"1":{"loc":{"start":{"line":12,"column":46},"end":{"line":12,"column":67}},"type":"binary-expr","locations":[{"start":{"line":12,"column":46},"end":{"line":12,"column":49}},{"start":{"line":12,"column":53},"end":{"line":12,"column":67}}],"line":12}},"s":{"0":1,"1":1,"2":1,"3":1,"4":2,"5":1,"6":1,"7":1,"8":1,"9":1},"f":{"0":2},"b":{"0":[1,1],"1":[2,2]},"inputSourceMap":{"version":3,"sources":["contact.js"],"names":["router","express","Router","post","ContactController","PostContact","get","ListContact"],"mappings":";;;;;;;AAAA;;AACA;;;;AACA,IAAMA,MAAM,GAAGC,oBAAQC,MAAR,EAAf;;AACAF,MAAM,CAACG,IAAP,CAAY,QAAZ,EAAqBC,8BAAkBC,WAAvC;AACAL,MAAM,CAACM,GAAP,CAAW,QAAX,EAAoBF,8BAAkBG,WAAtC;eAGeP,M","sourceRoot":"C:\\Users\\Admin\\desktop\\myprojects\\contact-backend\\src\\routes\\api\\","sourcesContent":["import express from \"express\"\r\nimport ContactController from \"../../controllers/ContactController\"\r\nconst router = express.Router()\r\nrouter.post(\"/store\",ContactController.PostContact)\r\nrouter.get(\"/lists\",ContactController.ListContact)\r\n\r\n\r\nexport default router"]},"_coverageSchema":"1a1c01bbd47fc00a2c39e90264f33305004495a9","hash":"83fe1f1eac26640dd826c8a2e59020b9c5d603c4","contentHash":"bb22d4308ece5c9c370e2cd8ea3b16d9cd4b75c58cda951e03d1d87881f70e42"},"C:\\Users\\Admin\\desktop\\myprojects\\contact-backend\\src\\controllers\\ContactController.js":{"path":"C:\\Users\\Admin\\desktop\\myprojects\\contact-backend\\src\\controllers\\ContactController.js","statementMap":{"0":{"start":{"line":3,"column":0},"end":{"line":5,"column":3}},"1":{"start":{"line":6,"column":0},"end":{"line":6,"column":28}},"2":{"start":{"line":8,"column":15},"end":{"line":8,"column":77}},"3":{"start":{"line":10,"column":39},"end":{"line":10,"column":95}},"4":{"start":{"line":12,"column":77},"end":{"line":12,"column":175}},"5":{"start":{"line":12,"column":94},"end":{"line":12,"column":107}},"6":{"start":{"line":12,"column":121},"end":{"line":12,"column":131}},"7":{"start":{"line":12,"column":151},"end":{"line":12,"column":165}},"8":{"start":{"line":12,"column":166},"end":{"line":12,"column":173}},"9":{"start":{"line":12,"column":176},"end":{"line":12,"column":263}},"10":{"start":{"line":12,"column":193},"end":{"line":12,"column":208}},"11":{"start":{"line":12,"column":218},"end":{"line":12,"column":261}},"12":{"start":{"line":14,"column":33},"end":{"line":14,"column":387}},"13":{"start":{"line":14,"column":65},"end":{"line":14,"column":69}},"14":{"start":{"line":14,"column":78},"end":{"line":14,"column":87}},"15":{"start":{"line":14,"column":89},"end":{"line":14,"column":384}},"16":{"start":{"line":14,"column":147},"end":{"line":14,"column":167}},"17":{"start":{"line":14,"column":193},"end":{"line":14,"column":264}},"18":{"start":{"line":14,"column":290},"end":{"line":14,"column":360}},"19":{"start":{"line":14,"column":363},"end":{"line":14,"column":380}},"20":{"start":{"line":16,"column":50},"end":{"line":16,"column":151}},"21":{"start":{"line":16,"column":92},"end":{"line":16,"column":149}},"22":{"start":{"line":18,"column":44},"end":{"line":18,"column":315}},"23":{"start":{"line":18,"column":57},"end":{"line":18,"column":58}},"24":{"start":{"line":18,"column":102},"end":{"line":18,"column":110}},"25":{"start":{"line":18,"column":112},"end":{"line":18,"column":167}},"26":{"start":{"line":18,"column":168},"end":{"line":18,"column":199}},"27":{"start":{"line":18,"column":200},"end":{"line":18,"column":254}},"28":{"start":{"line":18,"column":227},"end":{"line":18,"column":254}},"29":{"start":{"line":18,"column":255},"end":{"line":18,"column":313}},"30":{"start":{"line":20,"column":62},"end":{"line":20,"column":131}},"31":{"start":{"line":20,"column":78},"end":{"line":20,"column":131}},"32":{"start":{"line":20,"column":132},"end":{"line":20,"column":193}},"33":{"start":{"line":20,"column":149},"end":{"line":20,"column":193}},"34":{"start":{"line":20,"column":194},"end":{"line":20,"column":213}},"35":{"start":{"line":22,"column":37},"end":{"line":250,"column":3}},"36":{"start":{"line":24,"column":4},"end":{"line":24,"column":45}},"37":{"start":{"line":27,"column":2},"end":{"line":247,"column":6}},"38":{"start":{"line":30,"column":25},"end":{"line":60,"column":9}},"39":{"start":{"line":32,"column":8},"end":{"line":59,"column":36}},"40":{"start":{"line":33,"column":10},"end":{"line":58,"column":11}},"41":{"start":{"line":34,"column":12},"end":{"line":57,"column":13}},"42":{"start":{"line":36,"column":16},"end":{"line":36,"column":34}},"43":{"start":{"line":37,"column":16},"end":{"line":37,"column":34}},"44":{"start":{"line":38,"column":16},"end":{"line":38,"column":57}},"45":{"start":{"line":41,"column":16},"end":{"line":41,"column":37}},"46":{"start":{"line":42,"column":16},"end":{"line":45,"column":19}},"47":{"start":{"line":46,"column":16},"end":{"line":46,"column":35}},"48":{"start":{"line":47,"column":16},"end":{"line":47,"column":22}},"49":{"start":{"line":50,"column":16},"end":{"line":50,"column":34}},"50":{"start":{"line":51,"column":16},"end":{"line":51,"column":51}},"51":{"start":{"line":52,"column":16},"end":{"line":52,"column":83}},"52":{"start":{"line":56,"column":16},"end":{"line":56,"column":39}},"53":{"start":{"line":63,"column":8},"end":{"line":63,"column":51}},"54":{"start":{"line":66,"column":6},"end":{"line":66,"column":25}},"55":{"start":{"line":71,"column":27},"end":{"line":102,"column":9}},"56":{"start":{"line":73,"column":8},"end":{"line":101,"column":37}},"57":{"start":{"line":74,"column":10},"end":{"line":100,"column":11}},"58":{"start":{"line":75,"column":12},"end":{"line":99,"column":13}},"59":{"start":{"line":77,"column":16},"end":{"line":77,"column":35}},"60":{"start":{"line":78,"column":16},"end":{"line":78,"column":44}},"61":{"start":{"line":79,"column":16},"end":{"line":79,"column":35}},"62":{"start":{"line":80,"column":16},"end":{"line":80,"column":66}},"63":{"start":{"line":83,"column":16},"end":{"line":83,"column":38}},"64":{"start":{"line":84,"column":16},"end":{"line":87,"column":19}},"65":{"start":{"line":88,"column":16},"end":{"line":88,"column":36}},"66":{"start":{"line":89,"column":16},"end":{"line":89,"column":22}},"67":{"start":{"line":92,"column":16},"end":{"line":92,"column":35}},"68":{"start":{"line":93,"column":16},"end":{"line":93,"column":53}},"69":{"start":{"line":94,"column":16},"end":{"line":94,"column":85}},"70":{"start":{"line":98,"column":16},"end":{"line":98,"column":40}},"71":{"start":{"line":105,"column":8},"end":{"line":105,"column":53}},"72":{"start":{"line":108,"column":6},"end":{"line":108,"column":27}},"73":{"start":{"line":113,"column":25},"end":{"line":144,"column":9}},"74":{"start":{"line":115,"column":8},"end":{"line":143,"column":37}},"75":{"start":{"line":116,"column":10},"end":{"line":142,"column":11}},"76":{"start":{"line":117,"column":12},"end":{"line":141,"column":13}},"77":{"start":{"line":119,"column":16},"end":{"line":119,"column":35}},"78":{"start":{"line":120,"column":16},"end":{"line":120,"column":36}},"79":{"start":{"line":121,"column":16},"end":{"line":121,"column":35}},"80":{"start":{"line":122,"column":16},"end":{"line":122,"column":67}},"81":{"start":{"line":125,"column":16},"end":{"line":125,"column":38}},"82":{"start":{"line":126,"column":16},"end":{"line":129,"column":19}},"83":{"start":{"line":130,"column":16},"end":{"line":130,"column":36}},"84":{"start":{"line":131,"column":16},"end":{"line":131,"column":22}},"85":{"start":{"line":134,"column":16},"end":{"line":134,"column":35}},"86":{"start":{"line":135,"column":16},"end":{"line":135,"column":53}},"87":{"start":{"line":136,"column":16},"end":{"line":136,"column":85}},"88":{"start":{"line":140,"column":16},"end":{"line":140,"column":40}},"89":{"start":{"line":147,"column":8},"end":{"line":147,"column":51}},"90":{"start":{"line":150,"column":6},"end":{"line":150,"column":25}},"91":{"start":{"line":155,"column":27},"end":{"line":197,"column":9}},"92":{"start":{"line":157,"column":8},"end":{"line":196,"column":38}},"93":{"start":{"line":158,"column":10},"end":{"line":195,"column":11}},"94":{"start":{"line":159,"column":12},"end":{"line":194,"column":13}},"95":{"start":{"line":161,"column":16},"end":{"line":161,"column":35}},"96":{"start":{"line":162,"column":16},"end":{"line":162,"column":52}},"97":{"start":{"line":163,"column":16},"end":{"line":163,"column":35}},"98":{"start":{"line":164,"column":16},"end":{"line":164,"column":66}},"99":{"start":{"line":167,"column":16},"end":{"line":167,"column":38}},"100":{"start":{"line":168,"column":16},"end":{"line":168,"column":48}},"101":{"start":{"line":169,"column":16},"end":{"line":169,"column":42}},"102":{"start":{"line":170,"column":16},"end":{"line":170,"column":86}},"103":{"start":{"line":170,"column":40},"end":{"line":170,"column":86}},"104":{"start":{"line":171,"column":16},"end":{"line":171,"column":83}},"105":{"start":{"line":171,"column":39},"end":{"line":171,"column":83}},"106":{"start":{"line":172,"column":16},"end":{"line":172,"column":75}},"107":{"start":{"line":172,"column":36},"end":{"line":172,"column":75}},"108":{"start":{"line":173,"column":16},"end":{"line":173,"column":75}},"109":{"start":{"line":173,"column":36},"end":{"line":173,"column":75}},"110":{"start":{"line":174,"column":16},"end":{"line":174,"column":36}},"111":{"start":{"line":175,"column":16},"end":{"line":175,"column":71}},"112":{"start":{"line":178,"column":16},"end":{"line":178,"column":44}},"113":{"start":{"line":179,"column":16},"end":{"line":182,"column":19}},"114":{"start":{"line":183,"column":16},"end":{"line":183,"column":36}},"115":{"start":{"line":184,"column":16},"end":{"line":184,"column":22}},"116":{"start":{"line":187,"column":16},"end":{"line":187,"column":36}},"117":{"start":{"line":188,"column":16},"end":{"line":188,"column":53}},"118":{"start":{"line":189,"column":16},"end":{"line":189,"column":85}},"119":{"start":{"line":193,"column":16},"end":{"line":193,"column":40}},"120":{"start":{"line":200,"column":8},"end":{"line":200,"column":53}},"121":{"start":{"line":203,"column":6},"end":{"line":203,"column":27}},"122":{"start":{"line":208,"column":27},"end":{"line":239,"column":9}},"123":{"start":{"line":210,"column":8},"end":{"line":238,"column":37}},"124":{"start":{"line":211,"column":10},"end":{"line":237,"column":11}},"125":{"start":{"line":212,"column":12},"end":{"line":236,"column":13}},"126":{"start":{"line":214,"column":16},"end":{"line":214,"column":35}},"127":{"start":{"line":215,"column":16},"end":{"line":215,"column":52}},"128":{"start":{"line":216,"column":16},"end":{"line":216,"column":35}},"129":{"start":{"line":217,"column":16},"end":{"line":217,"column":66}},"130":{"start":{"line":220,"column":16},"end":{"line":220,"column":38}},"131":{"start":{"line":221,"column":16},"end":{"line":221,"column":48}},"132":{"start":{"line":222,"column":16},"end":{"line":224,"column":19}},"133":{"start":{"line":225,"column":16},"end":{"line":225,"column":36}},"134":{"start":{"line":226,"column":16},"end":{"line":226,"column":22}},"135":{"start":{"line":229,"column":16},"end":{"line":229,"column":35}},"136":{"start":{"line":230,"column":16},"end":{"line":230,"column":53}},"137":{"start":{"line":231,"column":16},"end":{"line":231,"column":85}},"138":{"start":{"line":235,"column":16},"end":{"line":235,"column":40}},"139":{"start":{"line":242,"column":8},"end":{"line":242,"column":53}},"140":{"start":{"line":245,"column":6},"end":{"line":245,"column":27}},"141":{"start":{"line":249,"column":2},"end":{"line":249,"column":27}},"142":{"start":{"line":252,"column":0},"end":{"line":252,"column":39}}},"fnMap":{"0":{"name":"_interopRequireDefault","decl":{"start":{"line":10,"column":9},"end":{"line":10,"column":31}},"loc":{"start":{"line":10,"column":37},"end":{"line":10,"column":97}},"line":10},"1":{"name":"asyncGeneratorStep","decl":{"start":{"line":12,"column":9},"end":{"line":12,"column":27}},"loc":{"start":{"line":12,"column":75},"end":{"line":12,"column":265}},"line":12},"2":{"name":"_asyncToGenerator","decl":{"start":{"line":14,"column":9},"end":{"line":14,"column":26}},"loc":{"start":{"line":14,"column":31},"end":{"line":14,"column":389}},"line":14},"3":{"name":"(anonymous_3)","decl":{"start":{"line":14,"column":40},"end":{"line":14,"column":41}},"loc":{"start":{"line":14,"column":52},"end":{"line":14,"column":386}},"line":14},"4":{"name":"(anonymous_4)","decl":{"start":{"line":14,"column":108},"end":{"line":14,"column":109}},"loc":{"start":{"line":14,"column":135},"end":{"line":14,"column":382}},"line":14},"5":{"name":"_next","decl":{"start":{"line":14,"column":178},"end":{"line":14,"column":183}},"loc":{"start":{"line":14,"column":191},"end":{"line":14,"column":266}},"line":14},"6":{"name":"_throw","decl":{"start":{"line":14,"column":276},"end":{"line":14,"column":282}},"loc":{"start":{"line":14,"column":288},"end":{"line":14,"column":362}},"line":14},"7":{"name":"_classCallCheck","decl":{"start":{"line":16,"column":9},"end":{"line":16,"column":24}},"loc":{"start":{"line":16,"column":48},"end":{"line":16,"column":153}},"line":16},"8":{"name":"_defineProperties","decl":{"start":{"line":18,"column":9},"end":{"line":18,"column":26}},"loc":{"start":{"line":18,"column":42},"end":{"line":18,"column":317}},"line":18},"9":{"name":"_createClass","decl":{"start":{"line":20,"column":9},"end":{"line":20,"column":21}},"loc":{"start":{"line":20,"column":60},"end":{"line":20,"column":215}},"line":20},"10":{"name":"(anonymous_10)","decl":{"start":{"line":22,"column":37},"end":{"line":22,"column":38}},"loc":{"start":{"line":22,"column":49},"end":{"line":250,"column":1}},"line":22},"11":{"name":"ContactController","decl":{"start":{"line":23,"column":11},"end":{"line":23,"column":28}},"loc":{"start":{"line":23,"column":31},"end":{"line":25,"column":3}},"line":23},"12":{"name":"(anonymous_12)","decl":{"start":{"line":29,"column":11},"end":{"line":29,"column":12}},"loc":{"start":{"line":29,"column":23},"end":{"line":67,"column":5}},"line":29},"13":{"name":"_callee","decl":{"start":{"line":30,"column":90},"end":{"line":30,"column":97}},"loc":{"start":{"line":30,"column":114},"end":{"line":60,"column":7}},"line":30},"14":{"name":"_callee$","decl":{"start":{"line":32,"column":48},"end":{"line":32,"column":56}},"loc":{"start":{"line":32,"column":67},"end":{"line":59,"column":9}},"line":32},"15":{"name":"ListContact","decl":{"start":{"line":62,"column":15},"end":{"line":62,"column":26}},"loc":{"start":{"line":62,"column":41},"end":{"line":64,"column":7}},"line":62},"16":{"name":"(anonymous_16)","decl":{"start":{"line":70,"column":11},"end":{"line":70,"column":12}},"loc":{"start":{"line":70,"column":23},"end":{"line":109,"column":5}},"line":70},"17":{"name":"_callee2","decl":{"start":{"line":71,"column":92},"end":{"line":71,"column":100}},"loc":{"start":{"line":71,"column":117},"end":{"line":102,"column":7}},"line":71},"18":{"name":"_callee2$","decl":{"start":{"line":73,"column":48},"end":{"line":73,"column":57}},"loc":{"start":{"line":73,"column":69},"end":{"line":101,"column":9}},"line":73},"19":{"name":"searchContact","decl":{"start":{"line":104,"column":15},"end":{"line":104,"column":28}},"loc":{"start":{"line":104,"column":44},"end":{"line":106,"column":7}},"line":104},"20":{"name":"(anonymous_20)","decl":{"start":{"line":112,"column":11},"end":{"line":112,"column":12}},"loc":{"start":{"line":112,"column":23},"end":{"line":151,"column":5}},"line":112},"21":{"name":"_callee3","decl":{"start":{"line":113,"column":90},"end":{"line":113,"column":98}},"loc":{"start":{"line":113,"column":115},"end":{"line":144,"column":7}},"line":113},"22":{"name":"_callee3$","decl":{"start":{"line":115,"column":48},"end":{"line":115,"column":57}},"loc":{"start":{"line":115,"column":69},"end":{"line":143,"column":9}},"line":115},"23":{"name":"PostContact","decl":{"start":{"line":146,"column":15},"end":{"line":146,"column":26}},"loc":{"start":{"line":146,"column":42},"end":{"line":148,"column":7}},"line":146},"24":{"name":"(anonymous_24)","decl":{"start":{"line":154,"column":11},"end":{"line":154,"column":12}},"loc":{"start":{"line":154,"column":23},"end":{"line":204,"column":5}},"line":154},"25":{"name":"_callee4","decl":{"start":{"line":155,"column":92},"end":{"line":155,"column":100}},"loc":{"start":{"line":155,"column":117},"end":{"line":197,"column":7}},"line":155},"26":{"name":"_callee4$","decl":{"start":{"line":157,"column":48},"end":{"line":157,"column":57}},"loc":{"start":{"line":157,"column":69},"end":{"line":196,"column":9}},"line":157},"27":{"name":"updateContact","decl":{"start":{"line":199,"column":15},"end":{"line":199,"column":28}},"loc":{"start":{"line":199,"column":47},"end":{"line":201,"column":7}},"line":199},"28":{"name":"(anonymous_28)","decl":{"start":{"line":207,"column":11},"end":{"line":207,"column":12}},"loc":{"start":{"line":207,"column":23},"end":{"line":246,"column":5}},"line":207},"29":{"name":"_callee5","decl":{"start":{"line":208,"column":92},"end":{"line":208,"column":100}},"loc":{"start":{"line":208,"column":117},"end":{"line":239,"column":7}},"line":208},"30":{"name":"_callee5$","decl":{"start":{"line":210,"column":48},"end":{"line":210,"column":57}},"loc":{"start":{"line":210,"column":69},"end":{"line":238,"column":9}},"line":210},"31":{"name":"deleteContact","decl":{"start":{"line":241,"column":15},"end":{"line":241,"column":28}},"loc":{"start":{"line":241,"column":47},"end":{"line":243,"column":7}},"line":241}},"branchMap":{"0":{"loc":{"start":{"line":10,"column":46},"end":{"line":10,"column":94}},"type":"cond-expr","locations":[{"start":{"line":10,"column":70},"end":{"line":10,"column":73}},{"start":{"line":10,"column":76},"end":{"line":10,"column":94}}],"line":10},"1":{"loc":{"start":{"line":10,"column":46},"end":{"line":10,"column":67}},"type":"binary-expr","locations":[{"start":{"line":10,"column":46},"end":{"line":10,"column":49}},{"start":{"line":10,"column":53},"end":{"line":10,"column":67}}],"line":10},"2":{"loc":{"start":{"line":12,"column":176},"end":{"line":12,"column":263}},"type":"if","locations":[{"start":{"line":12,"column":176},"end":{"line":12,"column":263}},{"start":{"line":12,"column":176},"end":{"line":12,"column":263}}],"line":12},"3":{"loc":{"start":{"line":16,"column":50},"end":{"line":16,"column":151}},"type":"if","locations":[{"start":{"line":16,"column":50},"end":{"line":16,"column":151}},{"start":{"line":16,"column":50},"end":{"line":16,"column":151}}],"line":16},"4":{"loc":{"start":{"line":18,"column":136},"end":{"line":18,"column":166}},"type":"binary-expr","locations":[{"start":{"line":18,"column":136},"end":{"line":18,"column":157}},{"start":{"line":18,"column":161},"end":{"line":18,"column":166}}],"line":18},"5":{"loc":{"start":{"line":18,"column":200},"end":{"line":18,"column":254}},"type":"if","locations":[{"start":{"line":18,"column":200},"end":{"line":18,"column":254}},{"start":{"line":18,"column":200},"end":{"line":18,"column":254}}],"line":18},"6":{"loc":{"start":{"line":20,"column":62},"end":{"line":20,"column":131}},"type":"if","locations":[{"start":{"line":20,"column":62},"end":{"line":20,"column":131}},{"start":{"line":20,"column":62},"end":{"line":20,"column":131}}],"line":20},"7":{"loc":{"start":{"line":20,"column":132},"end":{"line":20,"column":193}},"type":"if","locations":[{"start":{"line":20,"column":132},"end":{"line":20,"column":193}},{"start":{"line":20,"column":132},"end":{"line":20,"column":193}}],"line":20},"8":{"loc":{"start":{"line":34,"column":12},"end":{"line":57,"column":13}},"type":"switch","locations":[{"start":{"line":35,"column":14},"end":{"line":38,"column":57}},{"start":{"line":40,"column":14},"end":{"line":47,"column":22}},{"start":{"line":49,"column":14},"end":{"line":52,"column":83}},{"start":{"line":54,"column":14},"end":{"line":54,"column":22}},{"start":{"line":55,"column":14},"end":{"line":56,"column":39}}],"line":34},"9":{"loc":{"start":{"line":75,"column":12},"end":{"line":99,"column":13}},"type":"switch","locations":[{"start":{"line":76,"column":14},"end":{"line":80,"column":66}},{"start":{"line":82,"column":14},"end":{"line":89,"column":22}},{"start":{"line":91,"column":14},"end":{"line":94,"column":85}},{"start":{"line":96,"column":14},"end":{"line":96,"column":22}},{"start":{"line":97,"column":14},"end":{"line":98,"column":40}}],"line":75},"10":{"loc":{"start":{"line":117,"column":12},"end":{"line":141,"column":13}},"type":"switch","locations":[{"start":{"line":118,"column":14},"end":{"line":122,"column":67}},{"start":{"line":124,"column":14},"end":{"line":131,"column":22}},{"start":{"line":133,"column":14},"end":{"line":136,"column":85}},{"start":{"line":138,"column":14},"end":{"line":138,"column":22}},{"start":{"line":139,"column":14},"end":{"line":140,"column":40}}],"line":117},"11":{"loc":{"start":{"line":159,"column":12},"end":{"line":194,"column":13}},"type":"switch","locations":[{"start":{"line":160,"column":14},"end":{"line":164,"column":66}},{"start":{"line":166,"column":14},"end":{"line":175,"column":71}},{"start":{"line":177,"column":14},"end":{"line":184,"column":22}},{"start":{"line":186,"column":14},"end":{"line":189,"column":85}},{"start":{"line":191,"column":14},"end":{"line":191,"column":22}},{"start":{"line":192,"column":14},"end":{"line":193,"column":40}}],"line":159},"12":{"loc":{"start":{"line":170,"column":16},"end":{"line":170,"column":86}},"type":"if","locations":[{"start":{"line":170,"column":16},"end":{"line":170,"column":86}},{"start":{"line":170,"column":16},"end":{"line":170,"column":86}}],"line":170},"13":{"loc":{"start":{"line":171,"column":16},"end":{"line":171,"column":83}},"type":"if","locations":[{"start":{"line":171,"column":16},"end":{"line":171,"column":83}},{"start":{"line":171,"column":16},"end":{"line":171,"column":83}}],"line":171},"14":{"loc":{"start":{"line":172,"column":16},"end":{"line":172,"column":75}},"type":"if","locations":[{"start":{"line":172,"column":16},"end":{"line":172,"column":75}},{"start":{"line":172,"column":16},"end":{"line":172,"column":75}}],"line":172},"15":{"loc":{"start":{"line":173,"column":16},"end":{"line":173,"column":75}},"type":"if","locations":[{"start":{"line":173,"column":16},"end":{"line":173,"column":75}},{"start":{"line":173,"column":16},"end":{"line":173,"column":75}}],"line":173},"16":{"loc":{"start":{"line":212,"column":12},"end":{"line":236,"column":13}},"type":"switch","locations":[{"start":{"line":213,"column":14},"end":{"line":217,"column":66}},{"start":{"line":219,"column":14},"end":{"line":226,"column":22}},{"start":{"line":228,"column":14},"end":{"line":231,"column":85}},{"start":{"line":233,"column":14},"end":{"line":233,"column":22}},{"start":{"line":234,"column":14},"end":{"line":235,"column":40}}],"line":212}},"s":{"0":1,"1":1,"2":1,"3":1,"4":0,"5":0,"6":0,"7":0,"8":0,"9":0,"10":0,"11":0,"12":5,"13":0,"14":0,"15":0,"16":0,"17":0,"18":0,"19":0,"20":0,"21":0,"22":1,"23":1,"24":5,"25":5,"26":5,"27":5,"28":5,"29":5,"30":1,"31":0,"32":1,"33":1,"34":1,"35":1,"36":0,"37":1,"38":1,"39":0,"40":0,"41":0,"42":0,"43":0,"44":0,"45":0,"46":0,"47":0,"48":0,"49":0,"50":0,"51":0,"52":0,"53":0,"54":1,"55":1,"56":0,"57":0,"58":0,"59":0,"60":0,"61":0,"62":0,"63":0,"64":0,"65":0,"66":0,"67":0,"68":0,"69":0,"70":0,"71":0,"72":1,"73":1,"74":0,"75":0,"76":0,"77":0,"78":0,"79":0,"80":0,"81":0,"82":0,"83":0,"84":0,"85":0,"86":0,"87":0,"88":0,"89":0,"90":1,"91":1,"92":0,"93":0,"94":0,"95":0,"96":0,"97":0,"98":0,"99":0,"100":0,"101":0,"102":0,"103":0,"104":0,"105":0,"106":0,"107":0,"108":0,"109":0,"110":0,"111":0,"112":0,"113":0,"114":0,"115":0,"116":0,"117":0,"118":0,"119":0,"120":0,"121":1,"122":1,"123":0,"124":0,"125":0,"126":0,"127":0,"128":0,"129":0,"130":0,"131":0,"132":0,"133":0,"134":0,"135":0,"136":0,"137":0,"138":0,"139":0,"140":1,"141":1,"142":1},"f":{"0":1,"1":0,"2":5,"3":0,"4":0,"5":0,"6":0,"7":0,"8":1,"9":1,"10":1,"11":0,"12":1,"13":0,"14":0,"15":0,"16":1,"17":0,"18":0,"19":0,"20":1,"21":0,"22":0,"23":0,"24":1,"25":0,"26":0,"27":0,"28":1,"29":0,"30":0,"31":0},"b":{"0":[1,0],"1":[1,1],"2":[0,0],"3":[0,0],"4":[5,5],"5":[5,0],"6":[0,1],"7":[1,0],"8":[0,0,0,0,0],"9":[0,0,0,0,0],"10":[0,0,0,0,0],"11":[0,0,0,0,0,0],"12":[0,0],"13":[0,0],"14":[0,0],"15":[0,0],"16":[0,0,0,0,0]},"inputSourceMap":{"version":3,"sources":["ContactController.js"],"names":["ContactController","req","res","next","ContactService","listContact","data","status","json","message","Error","contact","query","searchContact","formData","body","createContact","contactId","params","id","ContactById","console","log","newContactInfo","firstname","lastname","email","gender","phone","updateUserInfo","user","userId","dbResponse"],"mappings":";;;;;;;AACA;;;;;;;;;;;;;;IACqBA,iB;;;;;;;;iFACjB,iBAAyBC,GAAzB,EAA6BC,GAA7B,EAAiCC,IAAjC;AAAA;AAAA;AAAA;AAAA;AAAA;AAAA;AAAA;AAAA,uBAE0BC,oBAAeC,WAAf,EAF1B;;AAAA;AAEcC,gBAAAA,IAFd;AAGQJ,gBAAAA,GAAG,CAACK,MAAJ,CAAW,GAAX,EAAgBC,IAAhB,CAAqB;AAACC,kBAAAA,OAAO,EAAC,mBAAT;AAA6BH,kBAAAA,IAAI,EAAJA;AAA7B,iBAArB;AAHR;AAAA;;AAAA;AAAA;AAAA;AAAA,iDAMeH,IAAI,CAAC,KAAIO,KAAK,aAAT,GAAD,CANnB;;AAAA;AAAA;AAAA;AAAA;AAAA;AAAA;AAAA,O;;;;;;;;;;;mFASA,kBAA2BT,GAA3B,EAA+BC,GAA/B,EAAmCC,IAAnC;AAAA;AAAA;AAAA;AAAA;AAAA;AAAA;AAEeQ,gBAAAA,OAFf,GAEwBV,GAAG,CAACW,KAF5B,CAEeD,OAFf;AAAA;AAAA,uBAG0BP,oBAAeS,aAAf,CAA6BF,OAA7B,CAH1B;;AAAA;AAGcL,gBAAAA,IAHd;AAIQJ,gBAAAA,GAAG,CAACK,MAAJ,CAAW,GAAX,EAAgBC,IAAhB,CAAqB;AAACC,kBAAAA,OAAO,EAAC,oBAAT;AAA8BH,kBAAAA,IAAI,EAAJA;AAA9B,iBAArB;AAJR;AAAA;;AAAA;AAAA;AAAA;AAAA,kDAOeH,IAAI,CAAC,KAAIO,KAAK,cAAT,GAAD,CAPnB;;AAAA;AAAA;AAAA;AAAA;AAAA;AAAA;AAAA,O;;;;;;;;;;;iFAUA,kBAAyBT,GAAzB,EAA6BC,GAA7B,EAAiCC,IAAjC;AAAA;AAAA;AAAA;AAAA;AAAA;AAAA;AAEcW,gBAAAA,QAFd,GAEyBb,GAAG,CAACc,IAF7B;AAAA;AAAA,uBAG2BX,oBAAeY,aAAf,CAA6BF,QAA7B,CAH3B;;AAAA;AAGcR,gBAAAA,IAHd;AAIQJ,gBAAAA,GAAG,CAACK,MAAJ,CAAW,GAAX,EAAgBC,IAAhB,CAAqB;AAACC,kBAAAA,OAAO,EAAC,6BAAT;AAAuCH,kBAAAA,IAAI,EAAJA;AAAvC,iBAArB;AAJR;AAAA;;AAAA;AAAA;AAAA;AAAA,kDAOeH,IAAI,CAAC,KAAIO,KAAK,cAAT,GAAD,CAPnB;;AAAA;AAAA;AAAA;AAAA;AAAA;AAAA;AAAA,O;;;;;;;;;;;mFAYA,kBAA2BT,GAA3B,EAA+BC,GAA/B,EAAmCC,IAAnC;AAAA;AAAA;AAAA;AAAA;AAAA;AAAA;AAEec,gBAAAA,SAFf,GAE0BhB,GAAG,CAACiB,MAAJ,CAAWC,EAFrC,CAEeF,SAFf;AAAA;AAAA,uBAGyBb,oBAAegB,WAAf,CAA2BH,SAA3B,CAHzB;;AAAA;AAGcX,gBAAAA,IAHd;AAIQe,gBAAAA,OAAO,CAACC,GAAR,CAAY,YAAZ,EAAyBhB,IAAzB;AACMiB,gBAAAA,cALd,GAK+BtB,GAAG,CAACc,IALnC;AAMQ,oBAAId,GAAG,CAACc,IAAJ,CAASS,SAAb,EAAwBD,cAAc,CAACC,SAAf,GAA2BvB,GAAG,CAACc,IAAJ,CAASS,SAApC;AACxB,oBAAIvB,GAAG,CAACc,IAAJ,CAASU,QAAb,EAAuBF,cAAc,CAACE,QAAf,GAA0BxB,GAAG,CAACc,IAAJ,CAASU,QAAnC;AACvB,oBAAIxB,GAAG,CAACc,IAAJ,CAASW,KAAb,EAAoBH,cAAc,CAACI,MAAf,GAAwB1B,GAAG,CAACc,IAAJ,CAASW,KAAjC;AACpB,oBAAIzB,GAAG,CAACc,IAAJ,CAASa,KAAb,EAAoBL,cAAc,CAACI,MAAf,GAAwB1B,GAAG,CAACc,IAAJ,CAASa,KAAjC;AAT5B;AAAA,uBAUiCC,cAAc,CAACN,cAAD,EAAiBtB,GAAG,CAAC6B,IAAJ,CAASC,MAA1B,CAV/C;;AAAA;AAUcC,gBAAAA,UAVd;AAWQ9B,gBAAAA,GAAG,CAACK,MAAJ,CAAW,GAAX,EAAgBC,IAAhB,CAAqB;AAACC,kBAAAA,OAAO,EAAC,oBAAT;AAA8BuB,kBAAAA,UAAU,EAAVA;AAA9B,iBAArB;AAXR;AAAA;;AAAA;AAAA;AAAA;AAAA,kDAee7B,IAAI,CAAC,KAAIO,KAAK,cAAT,GAAD,CAfnB;;AAAA;AAAA;AAAA;AAAA;AAAA;AAAA;AAAA,O;;;;;;;;;;;mFAmBA,kBAA2BT,GAA3B,EAA+BC,GAA/B,EAAmCC,IAAnC;AAAA;AAAA;AAAA;AAAA;AAAA;AAAA;AAEec,gBAAAA,SAFf,GAE0BhB,GAAG,CAACiB,MAAJ,CAAWC,EAFrC,CAEeF,SAFf;AAAA;AAAA,uBAGyBb,oBAAegB,WAAf,CAA2BH,SAA3B,CAHzB;;AAAA;AAGcX,gBAAAA,IAHd;AAIQe,gBAAAA,OAAO,CAACC,GAAR,CAAY,YAAZ,EAAyBhB,IAAzB;AACAJ,gBAAAA,GAAG,CAACK,MAAJ,CAAW,GAAX,EAAgBC,IAAhB,CAAqB;AAACC,kBAAAA,OAAO,EAAC;AAAT,iBAArB;AALR;AAAA;;AAAA;AAAA;AAAA;AAAA,kDAQeN,IAAI,CAAC,KAAIO,KAAK,cAAT,GAAD,CARnB;;AAAA;AAAA;AAAA;AAAA;AAAA;AAAA;AAAA,O","sourceRoot":"C:\\Users\\Admin\\desktop\\myprojects\\contact-backend\\src\\controllers\\","sourcesContent":["\r\nimport ContactService from \"../services/contact.service\"\r\nexport default class ContactController{\r\n    static async ListContact(req,res,next){\r\n        try{\r\n            const data= await ContactService.listContact()\r\n            res.status(200).json({message:\"list all contacts\",data})\r\n        }\r\n        catch(e){\r\n            return next(new(Error(e)))\r\n        }\r\n    }\r\n    static async searchContact(req,res,next){\r\n        try{\r\n            const {contact}=req.query\r\n            const data= await ContactService.searchContact(contact)\r\n            res.status(200).json({message:\"search a contact!!\",data})\r\n        }\r\n        catch(e){\r\n            return next(new(Error(e)))\r\n        }\r\n    }\r\n    static async PostContact(req,res,next){\r\n        try{\r\n            const formData = req.body;\r\n            const data = await ContactService.createContact(formData)\r\n            res.status(200).json({message:\"contact created succesfully\",data})\r\n        }\r\n        catch(e){\r\n            return next(new(Error(e)))\r\n        }\r\n    }\r\n  \r\n   \r\n    static async updateContact(req,res,next){\r\n        try{\r\n            const {contactId}=req.params.id\r\n            const data=await ContactService.ContactById(contactId)\r\n            console.log(\"check data\",data)\r\n            const newContactInfo = req.body\r\n            if (req.body.firstname) newContactInfo.firstname = req.body.firstname\r\n            if (req.body.lastname) newContactInfo.lastname = req.body.lastname    \r\n            if (req.body.email) newContactInfo.gender = req.body.email\r\n            if (req.body.phone) newContactInfo.gender = req.body.phone\r\n            const dbResponse = await updateUserInfo(newContactInfo, req.user.userId)\r\n            res.status(200).json({message:\"update a contact!!\",dbResponse})\r\n\r\n        }\r\n        catch(e){\r\n            return next(new(Error(e)))\r\n        }\r\n    }\r\n\r\n    static async deleteContact(req,res,next){\r\n        try{\r\n            const {contactId}=req.params.id\r\n            const data=await ContactService.ContactById(contactId)\r\n            console.log(\"check data\",data)\r\n            res.status(200).json({message:\"delete a contact!!\"})\r\n        }\r\n        catch(e){\r\n            return next(new(Error(e)))\r\n        }\r\n    }\r\n\r\n}"]},"_coverageSchema":"1a1c01bbd47fc00a2c39e90264f33305004495a9","hash":"1317228cca56c19c5b3f682157eff5b846ca6a61","contentHash":"d3bd1e065b5edecb148bfd5fd8be0eb1683b4260ea5e5b4d6bfd9c662a9bd9f4"},"C:\\Users\\Admin\\desktop\\myprojects\\contact-backend\\src\\services\\contact.service.js":{"path":"C:\\Users\\Admin\\desktop\\myprojects\\contact-backend\\src\\services\\contact.service.js","statementMap":{"0":{"start":{"line":3,"column":0},"end":{"line":5,"column":3}},"1":{"start":{"line":6,"column":0},"end":{"line":6,"column":28}},"2":{"start":{"line":8,"column":13},"end":{"line":8,"column":72}},"3":{"start":{"line":10,"column":0},"end":{"line":10,"column":39}},"4":{"start":{"line":12,"column":39},"end":{"line":12,"column":95}},"5":{"start":{"line":14,"column":44},"end":{"line":14,"column":195}},"6":{"start":{"line":14,"column":62},"end":{"line":14,"column":166}},"7":{"start":{"line":14,"column":176},"end":{"line":14,"column":193}},"8":{"start":{"line":14,"column":196},"end":{"line":14,"column":207}},"9":{"start":{"line":16,"column":77},"end":{"line":16,"column":175}},"10":{"start":{"line":16,"column":94},"end":{"line":16,"column":107}},"11":{"start":{"line":16,"column":121},"end":{"line":16,"column":131}},"12":{"start":{"line":16,"column":151},"end":{"line":16,"column":165}},"13":{"start":{"line":16,"column":166},"end":{"line":16,"column":173}},"14":{"start":{"line":16,"column":176},"end":{"line":16,"column":263}},"15":{"start":{"line":16,"column":193},"end":{"line":16,"column":208}},"16":{"start":{"line":16,"column":218},"end":{"line":16,"column":261}},"17":{"start":{"line":18,"column":33},"end":{"line":18,"column":387}},"18":{"start":{"line":18,"column":65},"end":{"line":18,"column":69}},"19":{"start":{"line":18,"column":78},"end":{"line":18,"column":87}},"20":{"start":{"line":18,"column":89},"end":{"line":18,"column":384}},"21":{"start":{"line":18,"column":147},"end":{"line":18,"column":167}},"22":{"start":{"line":18,"column":193},"end":{"line":18,"column":264}},"23":{"start":{"line":18,"column":290},"end":{"line":18,"column":360}},"24":{"start":{"line":18,"column":363},"end":{"line":18,"column":380}},"25":{"start":{"line":20,"column":50},"end":{"line":20,"column":151}},"26":{"start":{"line":20,"column":92},"end":{"line":20,"column":149}},"27":{"start":{"line":22,"column":44},"end":{"line":22,"column":315}},"28":{"start":{"line":22,"column":57},"end":{"line":22,"column":58}},"29":{"start":{"line":22,"column":102},"end":{"line":22,"column":110}},"30":{"start":{"line":22,"column":112},"end":{"line":22,"column":167}},"31":{"start":{"line":22,"column":168},"end":{"line":22,"column":199}},"32":{"start":{"line":22,"column":200},"end":{"line":22,"column":254}},"33":{"start":{"line":22,"column":227},"end":{"line":22,"column":254}},"34":{"start":{"line":22,"column":255},"end":{"line":22,"column":313}},"35":{"start":{"line":24,"column":62},"end":{"line":24,"column":131}},"36":{"start":{"line":24,"column":78},"end":{"line":24,"column":131}},"37":{"start":{"line":24,"column":132},"end":{"line":24,"column":193}},"38":{"start":{"line":24,"column":149},"end":{"line":24,"column":193}},"39":{"start":{"line":24,"column":194},"end":{"line":24,"column":213}},"40":{"start":{"line":26,"column":15},"end":{"line":26,"column":35}},"41":{"start":{"line":27,"column":9},"end":{"line":27,"column":20}},"42":{"start":{"line":29,"column":14},"end":{"line":29,"column":39}},"43":{"start":{"line":34,"column":34},"end":{"line":248,"column":3}},"44":{"start":{"line":36,"column":4},"end":{"line":36,"column":42}},"45":{"start":{"line":39,"column":2},"end":{"line":245,"column":6}},"46":{"start":{"line":42,"column":25},"end":{"line":61,"column":9}},"47":{"start":{"line":44,"column":8},"end":{"line":60,"column":20}},"48":{"start":{"line":45,"column":10},"end":{"line":59,"column":11}},"49":{"start":{"line":46,"column":12},"end":{"line":58,"column":13}},"50":{"start":{"line":48,"column":16},"end":{"line":48,"column":34}},"51":{"start":{"line":49,"column":16},"end":{"line":49,"column":41}},"52":{"start":{"line":52,"column":16},"end":{"line":52,"column":41}},"53":{"start":{"line":53,"column":16},"end":{"line":53,"column":59}},"54":{"start":{"line":57,"column":16},"end":{"line":57,"column":39}},"55":{"start":{"line":64,"column":8},"end":{"line":64,"column":51}},"56":{"start":{"line":67,"column":6},"end":{"line":67,"column":25}},"57":{"start":{"line":72,"column":27},"end":{"line":97,"column":9}},"58":{"start":{"line":74,"column":8},"end":{"line":96,"column":21}},"59":{"start":{"line":75,"column":10},"end":{"line":95,"column":11}},"60":{"start":{"line":76,"column":12},"end":{"line":94,"column":13}},"61":{"start":{"line":78,"column":16},"end":{"line":78,"column":35}},"62":{"start":{"line":79,"column":16},"end":{"line":85,"column":19}},"63":{"start":{"line":88,"column":16},"end":{"line":88,"column":42}},"64":{"start":{"line":89,"column":16},"end":{"line":89,"column":60}},"65":{"start":{"line":93,"column":16},"end":{"line":93,"column":40}},"66":{"start":{"line":100,"column":8},"end":{"line":100,"column":53}},"67":{"start":{"line":103,"column":6},"end":{"line":103,"column":27}},"68":{"start":{"line":108,"column":27},"end":{"line":127,"column":9}},"69":{"start":{"line":110,"column":8},"end":{"line":126,"column":21}},"70":{"start":{"line":111,"column":10},"end":{"line":125,"column":11}},"71":{"start":{"line":112,"column":12},"end":{"line":124,"column":13}},"72":{"start":{"line":114,"column":16},"end":{"line":114,"column":35}},"73":{"start":{"line":115,"column":16},"end":{"line":115,"column":47}},"74":{"start":{"line":118,"column":16},"end":{"line":118,"column":42}},"75":{"start":{"line":119,"column":16},"end":{"line":119,"column":60}},"76":{"start":{"line":123,"column":16},"end":{"line":123,"column":40}},"77":{"start":{"line":130,"column":8},"end":{"line":130,"column":53}},"78":{"start":{"line":133,"column":6},"end":{"line":133,"column":27}},"79":{"start":{"line":138,"column":25},"end":{"line":157,"column":9}},"80":{"start":{"line":140,"column":8},"end":{"line":156,"column":21}},"81":{"start":{"line":141,"column":10},"end":{"line":155,"column":11}},"82":{"start":{"line":142,"column":12},"end":{"line":154,"column":13}},"83":{"start":{"line":144,"column":16},"end":{"line":144,"column":35}},"84":{"start":{"line":145,"column":16},"end":{"line":145,"column":43}},"85":{"start":{"line":148,"column":16},"end":{"line":148,"column":42}},"86":{"start":{"line":149,"column":16},"end":{"line":149,"column":60}},"87":{"start":{"line":153,"column":16},"end":{"line":153,"column":40}},"88":{"start":{"line":160,"column":8},"end":{"line":160,"column":51}},"89":{"start":{"line":163,"column":6},"end":{"line":163,"column":25}},"90":{"start":{"line":168,"column":27},"end":{"line":192,"column":9}},"91":{"start":{"line":170,"column":8},"end":{"line":191,"column":21}},"92":{"start":{"line":171,"column":10},"end":{"line":190,"column":11}},"93":{"start":{"line":172,"column":12},"end":{"line":189,"column":13}},"94":{"start":{"line":174,"column":16},"end":{"line":174,"column":35}},"95":{"start":{"line":175,"column":16},"end":{"line":180,"column":19}},"96":{"start":{"line":183,"column":16},"end":{"line":183,"column":42}},"97":{"start":{"line":184,"column":16},"end":{"line":184,"column":60}},"98":{"start":{"line":188,"column":16},"end":{"line":188,"column":40}},"99":{"start":{"line":195,"column":8},"end":{"line":195,"column":53}},"100":{"start":{"line":198,"column":6},"end":{"line":198,"column":27}},"101":{"start":{"line":203,"column":27},"end":{"line":237,"column":9}},"102":{"start":{"line":205,"column":8},"end":{"line":236,"column":21}},"103":{"start":{"line":206,"column":10},"end":{"line":235,"column":11}},"104":{"start":{"line":207,"column":12},"end":{"line":234,"column":13}},"105":{"start":{"line":209,"column":16},"end":{"line":209,"column":35}},"106":{"start":{"line":210,"column":16},"end":{"line":216,"column":19}},"107":{"start":{"line":219,"column":16},"end":{"line":219,"column":42}},"108":{"start":{"line":220,"column":16},"end":{"line":220,"column":35}},"109":{"start":{"line":221,"column":16},"end":{"line":226,"column":19}},"110":{"start":{"line":229,"column":16},"end":{"line":229,"column":60}},"111":{"start":{"line":233,"column":16},"end":{"line":233,"column":40}},"112":{"start":{"line":240,"column":8},"end":{"line":240,"column":53}},"113":{"start":{"line":243,"column":6},"end":{"line":243,"column":27}},"114":{"start":{"line":247,"column":2},"end":{"line":247,"column":24}},"115":{"start":{"line":250,"column":0},"end":{"line":250,"column":36}}},"fnMap":{"0":{"name":"_interopRequireDefault","decl":{"start":{"line":12,"column":9},"end":{"line":12,"column":31}},"loc":{"start":{"line":12,"column":37},"end":{"line":12,"column":97}},"line":12},"1":{"name":"_defineProperty","decl":{"start":{"line":14,"column":9},"end":{"line":14,"column":24}},"loc":{"start":{"line":14,"column":42},"end":{"line":14,"column":209}},"line":14},"2":{"name":"asyncGeneratorStep","decl":{"start":{"line":16,"column":9},"end":{"line":16,"column":27}},"loc":{"start":{"line":16,"column":75},"end":{"line":16,"column":265}},"line":16},"3":{"name":"_asyncToGenerator","decl":{"start":{"line":18,"column":9},"end":{"line":18,"column":26}},"loc":{"start":{"line":18,"column":31},"end":{"line":18,"column":389}},"line":18},"4":{"name":"(anonymous_4)","decl":{"start":{"line":18,"column":40},"end":{"line":18,"column":41}},"loc":{"start":{"line":18,"column":52},"end":{"line":18,"column":386}},"line":18},"5":{"name":"(anonymous_5)","decl":{"start":{"line":18,"column":108},"end":{"line":18,"column":109}},"loc":{"start":{"line":18,"column":135},"end":{"line":18,"column":382}},"line":18},"6":{"name":"_next","decl":{"start":{"line":18,"column":178},"end":{"line":18,"column":183}},"loc":{"start":{"line":18,"column":191},"end":{"line":18,"column":266}},"line":18},"7":{"name":"_throw","decl":{"start":{"line":18,"column":276},"end":{"line":18,"column":282}},"loc":{"start":{"line":18,"column":288},"end":{"line":18,"column":362}},"line":18},"8":{"name":"_classCallCheck","decl":{"start":{"line":20,"column":9},"end":{"line":20,"column":24}},"loc":{"start":{"line":20,"column":48},"end":{"line":20,"column":153}},"line":20},"9":{"name":"_defineProperties","decl":{"start":{"line":22,"column":9},"end":{"line":22,"column":26}},"loc":{"start":{"line":22,"column":42},"end":{"line":22,"column":317}},"line":22},"10":{"name":"_createClass","decl":{"start":{"line":24,"column":9},"end":{"line":24,"column":21}},"loc":{"start":{"line":24,"column":60},"end":{"line":24,"column":215}},"line":24},"11":{"name":"(anonymous_11)","decl":{"start":{"line":34,"column":34},"end":{"line":34,"column":35}},"loc":{"start":{"line":34,"column":46},"end":{"line":248,"column":1}},"line":34},"12":{"name":"ContactService","decl":{"start":{"line":35,"column":11},"end":{"line":35,"column":25}},"loc":{"start":{"line":35,"column":28},"end":{"line":37,"column":3}},"line":35},"13":{"name":"(anonymous_13)","decl":{"start":{"line":41,"column":11},"end":{"line":41,"column":12}},"loc":{"start":{"line":41,"column":23},"end":{"line":68,"column":5}},"line":41},"14":{"name":"_callee","decl":{"start":{"line":42,"column":90},"end":{"line":42,"column":97}},"loc":{"start":{"line":42,"column":100},"end":{"line":61,"column":7}},"line":42},"15":{"name":"_callee$","decl":{"start":{"line":44,"column":48},"end":{"line":44,"column":56}},"loc":{"start":{"line":44,"column":67},"end":{"line":60,"column":9}},"line":44},"16":{"name":"listContact","decl":{"start":{"line":63,"column":15},"end":{"line":63,"column":26}},"loc":{"start":{"line":63,"column":29},"end":{"line":65,"column":7}},"line":63},"17":{"name":"(anonymous_17)","decl":{"start":{"line":71,"column":11},"end":{"line":71,"column":12}},"loc":{"start":{"line":71,"column":23},"end":{"line":104,"column":5}},"line":71},"18":{"name":"_callee2","decl":{"start":{"line":72,"column":92},"end":{"line":72,"column":100}},"loc":{"start":{"line":72,"column":108},"end":{"line":97,"column":7}},"line":72},"19":{"name":"_callee2$","decl":{"start":{"line":74,"column":48},"end":{"line":74,"column":57}},"loc":{"start":{"line":74,"column":69},"end":{"line":96,"column":9}},"line":74},"20":{"name":"searchContact","decl":{"start":{"line":99,"column":15},"end":{"line":99,"column":28}},"loc":{"start":{"line":99,"column":33},"end":{"line":101,"column":7}},"line":99},"21":{"name":"(anonymous_21)","decl":{"start":{"line":107,"column":11},"end":{"line":107,"column":12}},"loc":{"start":{"line":107,"column":23},"end":{"line":134,"column":5}},"line":107},"22":{"name":"_callee3","decl":{"start":{"line":108,"column":92},"end":{"line":108,"column":100}},"loc":{"start":{"line":108,"column":110},"end":{"line":127,"column":7}},"line":108},"23":{"name":"_callee3$","decl":{"start":{"line":110,"column":48},"end":{"line":110,"column":57}},"loc":{"start":{"line":110,"column":69},"end":{"line":126,"column":9}},"line":110},"24":{"name":"createContact","decl":{"start":{"line":129,"column":15},"end":{"line":129,"column":28}},"loc":{"start":{"line":129,"column":34},"end":{"line":131,"column":7}},"line":129},"25":{"name":"(anonymous_25)","decl":{"start":{"line":137,"column":11},"end":{"line":137,"column":12}},"loc":{"start":{"line":137,"column":23},"end":{"line":164,"column":5}},"line":137},"26":{"name":"_callee4","decl":{"start":{"line":138,"column":90},"end":{"line":138,"column":98}},"loc":{"start":{"line":138,"column":103},"end":{"line":157,"column":7}},"line":138},"27":{"name":"_callee4$","decl":{"start":{"line":140,"column":48},"end":{"line":140,"column":57}},"loc":{"start":{"line":140,"column":69},"end":{"line":156,"column":9}},"line":140},"28":{"name":"ContactById","decl":{"start":{"line":159,"column":15},"end":{"line":159,"column":26}},"loc":{"start":{"line":159,"column":32},"end":{"line":161,"column":7}},"line":159},"29":{"name":"(anonymous_29)","decl":{"start":{"line":167,"column":11},"end":{"line":167,"column":12}},"loc":{"start":{"line":167,"column":23},"end":{"line":199,"column":5}},"line":167},"30":{"name":"_callee5","decl":{"start":{"line":168,"column":92},"end":{"line":168,"column":100}},"loc":{"start":{"line":168,"column":114},"end":{"line":192,"column":7}},"line":168},"31":{"name":"_callee5$","decl":{"start":{"line":170,"column":48},"end":{"line":170,"column":57}},"loc":{"start":{"line":170,"column":69},"end":{"line":191,"column":9}},"line":170},"32":{"name":"updateContact","decl":{"start":{"line":194,"column":15},"end":{"line":194,"column":28}},"loc":{"start":{"line":194,"column":39},"end":{"line":196,"column":7}},"line":194},"33":{"name":"(anonymous_33)","decl":{"start":{"line":202,"column":11},"end":{"line":202,"column":12}},"loc":{"start":{"line":202,"column":23},"end":{"line":244,"column":5}},"line":202},"34":{"name":"_callee6","decl":{"start":{"line":203,"column":92},"end":{"line":203,"column":100}},"loc":{"start":{"line":203,"column":105},"end":{"line":237,"column":7}},"line":203},"35":{"name":"_callee6$","decl":{"start":{"line":205,"column":48},"end":{"line":205,"column":57}},"loc":{"start":{"line":205,"column":69},"end":{"line":236,"column":9}},"line":205},"36":{"name":"deleteContact","decl":{"start":{"line":239,"column":15},"end":{"line":239,"column":28}},"loc":{"start":{"line":239,"column":34},"end":{"line":241,"column":7}},"line":239}},"branchMap":{"0":{"loc":{"start":{"line":12,"column":46},"end":{"line":12,"column":94}},"type":"cond-expr","locations":[{"start":{"line":12,"column":70},"end":{"line":12,"column":73}},{"start":{"line":12,"column":76},"end":{"line":12,"column":94}}],"line":12},"1":{"loc":{"start":{"line":12,"column":46},"end":{"line":12,"column":67}},"type":"binary-expr","locations":[{"start":{"line":12,"column":46},"end":{"line":12,"column":49}},{"start":{"line":12,"column":53},"end":{"line":12,"column":67}}],"line":12},"2":{"loc":{"start":{"line":14,"column":44},"end":{"line":14,"column":195}},"type":"if","locations":[{"start":{"line":14,"column":44},"end":{"line":14,"column":195}},{"start":{"line":14,"column":44},"end":{"line":14,"column":195}}],"line":14},"3":{"loc":{"start":{"line":16,"column":176},"end":{"line":16,"column":263}},"type":"if","locations":[{"start":{"line":16,"column":176},"end":{"line":16,"column":263}},{"start":{"line":16,"column":176},"end":{"line":16,"column":263}}],"line":16},"4":{"loc":{"start":{"line":20,"column":50},"end":{"line":20,"column":151}},"type":"if","locations":[{"start":{"line":20,"column":50},"end":{"line":20,"column":151}},{"start":{"line":20,"column":50},"end":{"line":20,"column":151}}],"line":20},"5":{"loc":{"start":{"line":22,"column":136},"end":{"line":22,"column":166}},"type":"binary-expr","locations":[{"start":{"line":22,"column":136},"end":{"line":22,"column":157}},{"start":{"line":22,"column":161},"end":{"line":22,"column":166}}],"line":22},"6":{"loc":{"start":{"line":22,"column":200},"end":{"line":22,"column":254}},"type":"if","locations":[{"start":{"line":22,"column":200},"end":{"line":22,"column":254}},{"start":{"line":22,"column":200},"end":{"line":22,"column":254}}],"line":22},"7":{"loc":{"start":{"line":24,"column":62},"end":{"line":24,"column":131}},"type":"if","locations":[{"start":{"line":24,"column":62},"end":{"line":24,"column":131}},{"start":{"line":24,"column":62},"end":{"line":24,"column":131}}],"line":24},"8":{"loc":{"start":{"line":24,"column":132},"end":{"line":24,"column":193}},"type":"if","locations":[{"start":{"line":24,"column":132},"end":{"line":24,"column":193}},{"start":{"line":24,"column":132},"end":{"line":24,"column":193}}],"line":24},"9":{"loc":{"start":{"line":46,"column":12},"end":{"line":58,"column":13}},"type":"switch","locations":[{"start":{"line":47,"column":14},"end":{"line":49,"column":41}},{"start":{"line":51,"column":14},"end":{"line":53,"column":59}},{"start":{"line":55,"column":14},"end":{"line":55,"column":21}},{"start":{"line":56,"column":14},"end":{"line":57,"column":39}}],"line":46},"10":{"loc":{"start":{"line":76,"column":12},"end":{"line":94,"column":13}},"type":"switch","locations":[{"start":{"line":77,"column":14},"end":{"line":85,"column":19}},{"start":{"line":87,"column":14},"end":{"line":89,"column":60}},{"start":{"line":91,"column":14},"end":{"line":91,"column":21}},{"start":{"line":92,"column":14},"end":{"line":93,"column":40}}],"line":76},"11":{"loc":{"start":{"line":112,"column":12},"end":{"line":124,"column":13}},"type":"switch","locations":[{"start":{"line":113,"column":14},"end":{"line":115,"column":47}},{"start":{"line":117,"column":14},"end":{"line":119,"column":60}},{"start":{"line":121,"column":14},"end":{"line":121,"column":21}},{"start":{"line":122,"column":14},"end":{"line":123,"column":40}}],"line":112},"12":{"loc":{"start":{"line":142,"column":12},"end":{"line":154,"column":13}},"type":"switch","locations":[{"start":{"line":143,"column":14},"end":{"line":145,"column":43}},{"start":{"line":147,"column":14},"end":{"line":149,"column":60}},{"start":{"line":151,"column":14},"end":{"line":151,"column":21}},{"start":{"lin
[...]
{"line":19,"column":341}},"26":{"start":{"line":19,"column":371},"end":{"line":19,"column":427}},"27":{"start":{"line":19,"column":429},"end":{"line":19,"column":730}},"28":{"start":{"line":19,"column":452},"end":{"line":19,"column":728}},"29":{"start":{"line":19,"column":538},"end":{"line":19,"column":610}},"30":{"start":{"line":19,"column":612},"end":{"line":19,"column":726}},"31":{"start":{"line":19,"column":650},"end":{"line":19,"column":691}},"32":{"start":{"line":19,"column":701},"end":{"line":19,"column":724}},"33":{"start":{"line":19,"column":731},"end":{"line":19,"column":755}},"34":{"start":{"line":19,"column":756},"end":{"line":19,"column":794}},"35":{"start":{"line":19,"column":769},"end":{"line":19,"column":792}},"36":{"start":{"line":19,"column":795},"end":{"line":19,"column":809}},"37":{"start":{"line":21,"column":0},"end":{"line":21,"column":28}},"38":{"start":{"line":23,"column":15},"end":{"line":23,"column":46}},"39":{"start":{"line":26,"column":0},"end":{"line":30,"column":1}},"40":{"start":{"line":27,"column":2},"end":{"line":27,"column":15}},"41":{"start":{"line":29,"column":2},"end":{"line":29,"column":22}},"42":{"start":{"line":32,"column":13},"end":{"line":32,"column":36}},"43":{"start":{"line":33,"column":9},"end":{"line":33,"column":11}},"44":{"start":{"line":36,"column":0},"end":{"line":40,"column":1}},"45":{"start":{"line":37,"column":2},"end":{"line":37,"column":60}},"46":{"start":{"line":39,"column":2},"end":{"line":39,"column":99}},"47":{"start":{"line":42,"column":0},"end":{"line":48,"column":3}},"48":{"start":{"line":43,"column":2},"end":{"line":43,"column":82}},"49":{"start":{"line":45,"column":14},"end":{"line":45,"column":105}},"50":{"start":{"line":47,"column":2},"end":{"line":47,"column":25}},"51":{"start":{"line":49,"column":0},"end":{"line":53,"column":3}},"52":{"start":{"line":50,"column":2},"end":{"line":52,"column":3}},"53":{"start":{"line":51,"column":4},"end":{"line":51,"column":32}},"54":{"start":{"line":54,"column":0},"end":{"line":54,"column":25}},"55":{"start":{"line":55,"column":0},"end":{"line":55,"column":37}},"56":{"start":{"line":56,"column":0},"end":{"line":56,"column":20}}},"fnMap":{"0":{"name":"_typeof","decl":{"start":{"line":3,"column":9},"end":{"line":3,"column":16}},"loc":{"start":{"line":3,"column":22},"end":{"line":3,"column":378}},"line":3},"1":{"name":"_typeof","decl":{"start":{"line":3,"column":145},"end":{"line":3,"column":152}},"loc":{"start":{"line":3,"column":158},"end":{"line":3,"column":180}},"line":3},"2":{"name":"_typeof","decl":{"start":{"line":3,"column":210},"end":{"line":3,"column":217}},"loc":{"start":{"line":3,"column":223},"end":{"line":3,"column":352}},"line":3},"3":{"name":"_interopRequireDefault","decl":{"start":{"line":15,"column":9},"end":{"line":15,"column":31}},"loc":{"start":{"line":15,"column":37},"end":{"line":15,"column":97}},"line":15},"4":{"name":"_getRequireWildcardCache","decl":{"start":{"line":17,"column":9},"end":{"line":17,"column":33}},"loc":{"start":{"line":17,"column":47},"end":{"line":17,"column":335}},"line":17},"5":{"name":"_getRequireWildcardCache","decl":{"start":{"line":17,"column":218},"end":{"line":17,"column":242}},"loc":{"start":{"line":17,"column":256},"end":{"line":17,"column":318}},"line":17},"6":{"name":"_interopRequireWildcard","decl":{"start":{"line":19,"column":9},"end":{"line":19,"column":32}},"loc":{"start":{"line":19,"column":51},"end":{"line":19,"column":811}},"line":19},"7":{"name":"(anonymous_7)","decl":{"start":{"line":42,"column":39},"end":{"line":42,"column":40}},"loc":{"start":{"line":42,"column":55},"end":{"line":44,"column":1}},"line":42},"8":{"name":"(anonymous_8)","decl":{"start":{"line":44,"column":11},"end":{"line":44,"column":12}},"loc":{"start":{"line":44,"column":27},"end":{"line":48,"column":1}},"line":44},"9":{"name":"(anonymous_9)","decl":{"start":{"line":49,"column":24},"end":{"line":49,"column":25}},"loc":{"start":{"line":49,"column":45},"end":{"line":53,"column":1}},"line":49}},"branchMap":{"0":{"loc":{"start":{"line":3,"column":51},"end":{"line":3,"column":355}},"type":"if","locations":[{"start":{"line":3,"column":51},"end":{"line":3,"column":355}},{"start":{"line":3,"column":51},"end":{"line":3,"column":355}}],"line":3},"1":{"loc":{"start":{"line":3,"column":55},"end":{"line":3,"column":122}},"type":"binary-expr","locations":[{"start":{"line":3,"column":55},"end":{"line":3,"column":83}},{"start":{"line":3,"column":87},"end":{"line":3,"column":122}}],"line":3},"2":{"loc":{"start":{"line":3,"column":232},"end":{"line":3,"column":349}},"type":"cond-expr","locations":[{"start":{"line":3,"column":328},"end":{"line":3,"column":336}},{"start":{"line":3,"column":339},"end":{"line":3,"column":349}}],"line":3},"3":{"loc":{"start":{"line":3,"column":232},"end":{"line":3,"column":325}},"type":"binary-expr","locations":[{"start":{"line":3,"column":232},"end":{"line":3,"column":235}},{"start":{"line":3,"column":239},"end":{"line":3,"column":267}},{"start":{"line":3,"column":271},"end":{"line":3,"column":297}},{"start":{"line":3,"column":301},"end":{"line":3,"column":325}}],"line":3},"4":{"loc":{"start":{"line":15,"column":46},"end":{"line":15,"column":94}},"type":"cond-expr","locations":[{"start":{"line":15,"column":70},"end":{"line":15,"column":73}},{"start":{"line":15,"column":76},"end":{"line":15,"column":94}}],"line":15},"5":{"loc":{"start":{"line":15,"column":46},"end":{"line":15,"column":67}},"type":"binary-expr","locations":[{"start":{"line":15,"column":46},"end":{"line":15,"column":49}},{"start":{"line":15,"column":53},"end":{"line":15,"column":67}}],"line":15},"6":{"loc":{"start":{"line":17,"column":49},"end":{"line":17,"column":96}},"type":"if","locations":[{"start":{"line":17,"column":49},"end":{"line":17,"column":96}},{"start":{"line":17,"column":49},"end":{"line":17,"column":96}}],"line":17},"7":{"loc":{"start":{"line":17,"column":265},"end":{"line":17,"column":315}},"type":"cond-expr","locations":[{"start":{"line":17,"column":279},"end":{"line":17,"column":295}},{"start":{"line":17,"column":298},"end":{"line":17,"column":315}}],"line":17},"8":{"loc":{"start":{"line":19,"column":53},"end":{"line":19,"column":111}},"type":"if","locations":[{"start":{"line":19,"column":53},"end":{"line":19,"column":111}},{"start":{"line":19,"column":53},"end":{"line":19,"column":111}}],"line":19},"9":{"loc":{"start":{"line":19,"column":57},"end":{"line":19,"column":94}},"type":"binary-expr","locations":[{"start":{"line":19,"column":57},"end":{"line":19,"column":69}},{"start":{"line":19,"column":73},"end":{"line":19,"column":76}},{"start":{"line":19,"column":80},"end":{"line":19,"column":94}}],"line":19},"10":{"loc":{"start":{"line":19,"column":112},"end":{"line":19,"column":218}},"type":"if","locations":[{"start":{"line":19,"column":112},"end":{"line":19,"column":218}},{"start":{"line":19,"column":112},"end":{"line":19,"column":218}}],"line":19},"11":{"loc":{"start":{"line":19,"column":116},"end":{"line":19,"column":186}},"type":"binary-expr","locations":[{"start":{"line":19,"column":116},"end":{"line":19,"column":128}},{"start":{"line":19,"column":132},"end":{"line":19,"column":157}},{"start":{"line":19,"column":161},"end":{"line":19,"column":186}}],"line":19},"12":{"loc":{"start":{"line":19,"column":270},"end":{"line":19,"column":325}},"type":"if","locations":[{"start":{"line":19,"column":270},"end":{"line":19,"column":325}},{"start":{"line":19,"column":270},"end":{"line":19,"column":325}}],"line":19},"13":{"loc":{"start":{"line":19,"column":274},"end":{"line":19,"column":297}},"type":"binary-expr","locations":[{"start":{"line":19,"column":274},"end":{"line":19,"column":279}},{"start":{"line":19,"column":283},"end":{"line":19,"column":297}}],"line":19},"14":{"loc":{"start":{"line":19,"column":371},"end":{"line":19,"column":427}},"type":"binary-expr","locations":[{"start":{"line":19,"column":371},"end":{"line":19,"column":392}},{"start":{"line":19,"column":396},"end":{"line":19,"column":427}}],"line":19},"15":{"loc":{"start":{"line":19,"column":452},"end":{"line":19,"column":728}},"type":"if","locations":[{"start":{"line":19,"column":452},"end":{"line":19,"column":728}},{"start":{"line":19,"column":452},"end":{"line":19,"column":728}}],"line":19},"16":{"loc":{"start":{"line":19,"column":456},"end":{"line":19,"column":523}},"type":"binary-expr","locations":[{"start":{"line":19,"column":456},"end":{"line":19,"column":473}},{"start":{"line":19,"column":477},"end":{"line":19,"column":523}}],"line":19},"17":{"loc":{"start":{"line":19,"column":538},"end":{"line":19,"column":610}},"type":"cond-expr","locations":[{"start":{"line":19,"column":562},"end":{"line":19,"column":603}},{"start":{"line":19,"column":606},"end":{"line":19,"column":610}}],"line":19},"18":{"loc":{"start":{"line":19,"column":612},"end":{"line":19,"column":726}},"type":"if","locations":[{"start":{"line":19,"column":612},"end":{"line":19,"column":726}},{"start":{"line":19,"column":612},"end":{"line":19,"column":726}}],"line":19},"19":{"loc":{"start":{"line":19,"column":616},"end":{"line":19,"column":646}},"type":"binary-expr","locations":[{"start":{"line":19,"column":616},"end":{"line":19,"column":620}},{"start":{"line":19,"column":625},"end":{"line":19,"column":633}},{"start":{"line":19,"column":637},"end":{"line":19,"column":645}}],"line":19},"20":{"loc":{"start":{"line":19,"column":756},"end":{"line":19,"column":794}},"type":"if","locations":[{"start":{"line":19,"column":756},"end":{"line":19,"column":794}},{"start":{"line":19,"column":756},"end":{"line":19,"column":794}}],"line":19},"21":{"loc":{"start":{"line":26,"column":0},"end":{"line":30,"column":1}},"type":"if","locations":[{"start":{"line":26,"column":0},"end":{"line":30,"column":1}},{"start":{"line":26,"column":0},"end":{"line":30,"column":1}}],"line":26},"22":{"loc":{"start":{"line":36,"column":0},"end":{"line":40,"column":1}},"type":"if","locations":[{"start":{"line":36,"column":0},"end":{"line":40,"column":1}},{"start":{"line":36,"column":0},"end":{"line":40,"column":1}}],"line":36},"23":{"loc":{"start":{"line":43,"column":9},"end":{"line":43,"column":81}},"type":"binary-expr","locations":[{"start":{"line":43,"column":9},"end":{"line":43,"column":32}},{"start":{"line":43,"column":36},"end":{"line":43,"column":53}},{"start":{"line":43,"column":57},"end":{"line":43,"column":81}}],"line":43},"24":{"loc":{"start":{"line":50,"column":2},"end":{"line":52,"column":3}},"type":"if","locations":[{"start":{"line":50,"column":2},"end":{"line":52,"column":3}},{"start":{"line":50,"column":2},"end":{"line":52,"column":3}}],"line":50}},"s":{"0":1,"1":1,"2":1,"3":0,"4":0,"5":1,"6":1,"7":1,"8":1,"9":1,"10":1,"11":3,"12":1,"13":0,"14":1,"15":1,"16":1,"17":1,"18":1,"19":0,"20":1,"21":0,"22":1,"23":1,"24":0,"25":1,"26":1,"27":1,"28":16,"29":16,"30":16,"31":0,"32":16,"33":1,"34":1,"35":1,"36":1,"37":1,"38":1,"39":1,"40":1,"41":0,"42":1,"43":1,"44":1,"45":1,"46":0,"47":1,"48":3,"49":2,"50":2,"51":1,"52":2,"53":0,"54":1,"55":1,"56":1},"f":{"0":1,"1":1,"2":0,"3":3,"4":1,"5":1,"6":1,"7":3,"8":2,"9":2},"b":{"0":[1,0],"1":[1,1],"2":[0,0],"3":[0,0,0,0],"4":[0,3],"5":[3,3],"6":[0,1],"7":[0,1],"8":[0,1],"9":[1,1,1],"10":[0,1],"11":[1,1,0],"12":[0,1],"13":[1,1],"14":[1,1],"15":[16,0],"16":[16,16],"17":[16,0],"18":[0,16],"19":[16,16,16],"20":[1,0],"21":[1,0],"22":[1,0],"23":[3,3,2],"24":[0,2]},"inputSourceMap":{"version":3,"sources":["index.js"],"names":["dotenv","config","basename","__filename","env","process","NODE_ENV","envConfigs","db","sequelize","url","Sequelize","database","username","password","__dirname","filter","file","indexOf","slice","forEach","model","require","path","join","DataTypes","name","Object","keys","modelName","associate","module","exports"],"mappings":";;;;AAAA;;AACA;;AACA;;AACA;;AACA;;;;;;;;AAEAA,mBAAOC,MAAP;;AACA,IAAMC,QAAQ,GAAG,oBAAUC,UAAV,CAAjB;AACA,IAAIC,GAAJ;;AACA,IAAIC,OAAO,CAACD,GAAR,CAAYE,QAAZ,KAAyB,MAA7B,EAAqC;AAAEF,EAAAA,GAAG,GAAG,MAAN;AAAe,CAAtD,MAA4D;AAC1DA,EAAAA,GAAG,GAAG,aAAN;AACD;;AAED,IAAMH,MAAM,GAAGM,mBAAWH,GAAX,CAAf;AACA,IAAMI,EAAE,GAAG,EAAX;AACA,IAAIC,SAAJ;;AACA,IAAIR,MAAM,CAACS,GAAX,EAAgB;AACdD,EAAAA,SAAS,GAAG,IAAIE,qBAAJ,CAAcV,MAAM,CAACS,GAArB,EAA0BT,MAA1B,CAAZ;AACD,CAFD,MAEO;AACLQ,EAAAA,SAAS,GAAG,IAAIE,qBAAJ,CAAcV,MAAM,CAACW,QAArB,EAA+BX,MAAM,CAACY,QAAtC,EAAgDZ,MAAM,CAACa,QAAvD,EAAiEb,MAAjE,CAAZ;AACD;;AAED,qBAAYc,SAAZ,EACGC,MADH,CACU,UAACC,IAAD;AAAA,SAAWA,IAAI,CAACC,OAAL,CAAa,GAAb,MAAsB,CAAvB,IAA8BD,IAAI,KAAKf,QAAvC,IAAqDe,IAAI,CAACE,KAAL,CAAW,CAAC,CAAZ,MAAmB,KAAlF;AAAA,CADV,EAEGC,OAFH,CAEW,UAACH,IAAD,EAAU;AACjB,MAAMI,KAAK,GAAGC,OAAO,CAACC,iBAAKC,IAAL,CAAUT,SAAV,EAAqBE,IAArB,CAAD,CAAP,CAAoCR,SAApC,EAA+CE,sBAAUc,SAAzD,CAAd;;AACAjB,EAAAA,EAAE,CAACa,KAAK,CAACK,IAAP,CAAF,GAAiBL,KAAjB;AACD,CALH;AAOAM,MAAM,CAACC,IAAP,CAAYpB,EAAZ,EAAgBY,OAAhB,CAAwB,UAACS,SAAD,EAAe;AACrC,MAAIrB,EAAE,CAACqB,SAAD,CAAF,CAAcC,SAAlB,EAA6B;AAC3BtB,IAAAA,EAAE,CAACqB,SAAD,CAAF,CAAcC,SAAd,CAAwBtB,EAAxB;AACD;AACF,CAJD;AAMAA,EAAE,CAACC,SAAH,GAAeA,SAAf;AACAD,EAAE,CAACG,SAAH,GAAeA,qBAAf;AAEAoB,MAAM,CAACC,OAAP,GAAiBxB,EAAjB","sourceRoot":"C:\\Users\\Admin\\desktop\\myprojects\\contact-backend\\src\\database\\models\\","sourcesContent":["import { readdirSync } from \"fs\";\nimport path, { basename as _basename } from \"path\";\nimport Sequelize from \"sequelize\";\nimport dotenv from \"dotenv\";\nimport envConfigs from \"../config/config\";\n\ndotenv.config();\nconst basename = _basename(__filename);\nlet env;\nif (process.env.NODE_ENV === \"test\") { env = \"test\"; } else {\n  env = \"development\";\n}\n\nconst config = envConfigs[env];\nconst db = {};\nlet sequelize;\nif (config.url) {\n  sequelize = new Sequelize(config.url, config);\n} else {\n  sequelize = new Sequelize(config.database, config.username, config.password, config);\n}\n\nreaddirSync(__dirname)\n  .filter((file) => (file.indexOf(\".\") !== 0) && (file !== basename) && (file.slice(-3) === \".js\"))\n  .forEach((file) => {\n    const model = require(path.join(__dirname, file))(sequelize, Sequelize.DataTypes);\n    db[model.name] = model;\n  });\n\nObject.keys(db).forEach((modelName) => {\n  if (db[modelName].associate) {\n    db[modelName].associate(db);\n  }\n});\n\ndb.sequelize = sequelize;\ndb.Sequelize = Sequelize;\n\nmodule.exports = db;"]},"_coverageSchema":"1a1c01bbd47fc00a2c39e90264f33305004495a9","hash":"35e099406307a9a47271e98b22b97b818d1a2147","contentHash":"27abf0dfbdc361a99d122167d32bbcd40f17da5f74b3fb2521d53e76be35100b"},"C:\\Users\\Admin\\desktop\\myprojects\\contact-backend\\src\\database\\config\\config.js":{"path":"C:\\Users\\Admin\\desktop\\myprojects\\contact-backend\\src\\database\\config\\config.js","statementMap":{"0":{"start":{"line":3,"column":0},"end":{"line":3,"column":27}},"1":{"start":{"line":5,"column":0},"end":{"line":18,"column":2}}},"fnMap":{},"branchMap":{},"s":{"0":1,"1":1},"f":{},"b":{},"inputSourceMap":{"version":3,"sources":["config.js"],"names":["require","config","module","exports","development","url","process","env","DEV_DATABASE_URL","dialect","test","TEST_DATABASE_URL","production","DATABASE_URL"],"mappings":";;AAAAA,OAAO,CAAC,QAAD,CAAP,CAAkBC,MAAlB;;AAEAC,MAAM,CAACC,OAAP,GAAiB;AACfC,EAAAA,WAAW,EAAE;AACXC,IAAAA,GAAG,EAAEC,OAAO,CAACC,GAAR,CAAYC,gBADN;AAEXC,IAAAA,OAAO,EAAE;AAFE,GADE;AAKfC,EAAAA,IAAI,EAAE;AACJL,IAAAA,GAAG,EAAEC,OAAO,CAACC,GAAR,CAAYI,iBADb;AAEJF,IAAAA,OAAO,EAAE;AAFL,GALS;AASfG,EAAAA,UAAU,EAAE;AACVP,IAAAA,GAAG,EAAEC,OAAO,CAACC,GAAR,CAAYM,YADP;AAEVJ,IAAAA,OAAO,EAAE;AAFC;AATG,CAAjB","sourceRoot":"C:\\Users\\Admin\\desktop\\myprojects\\contact-backend\\src\\database\\config\\","sourcesContent":["require('dotenv').config()\n\nmodule.exports = {\n  development: {\n    url: process.env.DEV_DATABASE_URL,\n    dialect: 'postgres',\n  },\n  test: {\n    url: process.env.TEST_DATABASE_URL,\n    dialect: 'postgres',\n  },\n  production: {\n    url: process.env.DATABASE_URL,\n    dialect: 'postgres',\n  },\n}\n"]},"_coverageSchema":"1a1c01bbd47fc00a2c39e90264f33305004495a9","hash":"56185fe2b3f68cece52316fb66083fe0b76e4885","contentHash":"70928d08f4f5f62af2bc68553f7c9e140540c0db9adb7bb40770be27e9eff676"},"C:\\Users\\Admin\\desktop\\myprojects\\contact-backend\\src\\database\\models\\contact.js":{"path":"C:\\Users\\Admin\\desktop\\myprojects\\contact-backend\\src\\database\\models\\contact.js","statementMap":{"0":{"start":{"line":3,"column":0},"end":{"line":19,"column":2}},"1":{"start":{"line":4,"column":16},"end":{"line":10,"column":8}},"2":{"start":{"line":18,"column":2},"end":{"line":18,"column":17}}},"fnMap":{"0":{"name":"(anonymous_0)","decl":{"start":{"line":3,"column":17},"end":{"line":3,"column":18}},"loc":{"start":{"line":3,"column":49},"end":{"line":19,"column":1}},"line":3}},"branchMap":{},"s":{"0":1,"1":1,"2":1},"f":{"0":1},"b":{},"inputSourceMap":{"version":3,"sources":["contact.js"],"names":["module","exports","sequelize","DataTypes","Contact","define","firstname","STRING","lastname","email","phone"],"mappings":"AAAA;;AACAA,MAAM,CAACC,OAAP,GAAiB,UAACC,SAAD,EAAYC,SAAZ,EAA0B;AACzC,MAAMC,OAAO,GAAGF,SAAS,CAACG,MAAV,CAAiB,SAAjB,EAA4B;AAC1CC,IAAAA,SAAS,EAAEH,SAAS,CAACI,MADqB;AAE1CC,IAAAA,QAAQ,EAAEL,SAAS,CAACI,MAFsB;AAG1CE,IAAAA,KAAK,EAAEN,SAAS,CAACI,MAHyB;AAI1CG,IAAAA,KAAK,EAACP,SAAS,CAACI,MAJ0B,CAK1C;;AAL0C,GAA5B,EAOb,EAPa,CAAhB,CADyC,CAS3C;AACA;AACA;AACA;AACA;AACA;AACA;;AAEE,SAAOH,OAAP;AACD,CAlBD","sourceRoot":"C:\\Users\\Admin\\desktop\\myprojects\\contact-backend\\src\\database\\models\\","sourcesContent":["'use strict';\nmodule.exports = (sequelize, DataTypes) => {\n  const Contact = sequelize.define('Contact', {\n    firstname: DataTypes.STRING,\n    lastname: DataTypes.STRING,\n    email: DataTypes.STRING,\n    phone:DataTypes.STRING\n    // userId: DataTypes.INTEGER\n  \n  }, { });\n//   Contact.associate = function(models) {\n//   Contact.belongsTo(models.User, {\n//     foreignKey: 'userId',\n//     as: 'author',\n//     onDelete: 'CASCADE',\n//   })\n// };\n\n  return Contact;\n};"]},"_coverageSchema":"1a1c01bbd47fc00a2c39e90264f33305004495a9","hash":"a86216550d5e613b80177c64d9f5af9ec8cc766e","contentHash":"ac2933c08f56629766e1cf662d6b38712f0a1299a925628fd5bdc96f04bed431"},"C:\\Users\\Admin\\desktop\\myprojects\\contact-backend\\src\\database\\models\\user.js":{"path":"C:\\Users\\Admin\\desktop\\myprojects\\contact-backend\\src\\database\\models\\user.js","statementMap":{"0":{"start":{"line":3,"column":0},"end":{"line":18,"column":2}},"1":{"start":{"line":4,"column":13},"end":{"line":8,"column":8}},"2":{"start":{"line":17,"column":2},"end":{"line":17,"column":14}}},"fnMap":{"0":{"name":"(anonymous_0)","decl":{"start":{"line":3,"column":17},"end":{"line":3,"column":18}},"loc":{"start":{"line":3,"column":49},"end":{"line":18,"column":1}},"line":3}},"branchMap":{},"s":{"0":1,"1":1,"2":1},"f":{"0":1},"b":{},"inputSourceMap":{"version":3,"sources":["user.js"],"names":["module","exports","sequelize","DataTypes","User","define","name","STRING","email","password"],"mappings":"AAAA;;AACAA,MAAM,CAACC,OAAP,GAAiB,UAACC,SAAD,EAAYC,SAAZ,EAA0B;AACzC,MAAMC,IAAI,GAAGF,SAAS,CAACG,MAAV,CAAiB,MAAjB,EAAyB;AACpCC,IAAAA,IAAI,EAAEH,SAAS,CAACI,MADoB;AAEpCC,IAAAA,KAAK,EAAEL,SAAS,CAACI,MAFmB;AAGpCE,IAAAA,QAAQ,EAAEN,SAAS,CAACI;AAHgB,GAAzB,EAKV,EALU,CAAb,CADyC,CAQzC;AACA;AACA;AACA;AACA;AACA;AACA;AACA;;AACA,SAAOH,IAAP;AACD,CAjBD","sourceRoot":"C:\\Users\\Admin\\desktop\\myprojects\\contact-backend\\src\\database\\models\\","sourcesContent":["'use strict';\nmodule.exports = (sequelize, DataTypes) => {\n  const User = sequelize.define('User', {\n    name: DataTypes.STRING,\n    email: DataTypes.STRING,\n    password: DataTypes.STRING\n  \n  }, { });\n \n  // User.associate = function(models) {\n  //   // associations can be defined here\n  //   User.hasMany(models.Contact, {\n  //     foreignKey: 'userId',\n  //     as: 'contacts',\n  //     onDelete: 'CASCADE',\n  //   });\n  // }\n  return User;\n};"]},"_coverageSchema":"1a1c01bbd47fc00a2c39e90264f33305004495a9","hash":"01f06318d275e5baab668f8acfa9680d26820310","contentHash":"d6d30f06f331cdfc7dc03539598f48ecd5c9d9b57e8b7588dc580ec85ad7a3d5"}}